<?xml version="1.0" encoding="UTF-8"?>
<testsuite xmlns:xsi="http://www.w3.org/2001/XMLSchema-instance" xsi:noNamespaceSchemaLocation="https://maven.apache.org/surefire/maven-surefire-plugin/xsd/surefire-test-report.xsd" name="com.yoga.api.YogaApplicationTests" time="3.182" tests="1" errors="1" skipped="0" failures="0">
  <properties>
[...]
</properties>
  <testcase name="contextLoads" classname="com.yoga.api.YogaApplicationTests" time="0.006">
    <error message="Failed to load ApplicationContext" type="java.lang.IllegalStateException">java.lang.IllegalStateException: Failed to load ApplicationContext
Caused by: org.springframework.beans.factory.BeanCreationException: Error creating bean with name 'entityManagerFactory' defined in class path resource [org/springframework/boot/autoconfigure/orm/jpa/HibernateJpaConfiguration.class]: Invocation of init method failed; nested exception is java.lang.NoClassDefFoundError: javax/transaction/SystemException
Caused by: java.lang.NoClassDefFoundError: javax/transaction/SystemException
Caused by: java.lang.ClassNotFoundException: javax.transaction.SystemException
</error>
    <system-out><![CDATA[10:30:58.895 [main] DEBUG org.springframework.test.context.junit4.SpringJUnit4ClassRunner - SpringJUnit4ClassRunner constructor called with [class com.yoga.api.YogaApplicationTests]
10:30:58.900 [main] DEBUG org.springframework.test.context.BootstrapUtils - Instantiating CacheAwareContextLoaderDelegate from class [org.springframework.test.context.cache.DefaultCacheAwareContextLoaderDelegate]
10:30:58.906 [main] DEBUG org.springframework.test.context.BootstrapUtils - Instantiating BootstrapContext using constructor [public org.springframework.test.context.support.DefaultBootstrapContext(java.lang.Class,org.springframework.test.context.CacheAwareContextLoaderDelegate)]
10:30:58.923 [main] DEBUG org.springframework.test.context.BootstrapUtils - Instantiating TestContextBootstrapper for test class [com.yoga.api.YogaApplicationTests] from class [org.springframework.boot.test.context.SpringBootTestContextBootstrapper]
10:30:58.942 [main] INFO org.springframework.boot.test.context.SpringBootTestContextBootstrapper - Neither @ContextConfiguration nor @ContextHierarchy found for test class [com.yoga.api.YogaApplicationTests], using SpringBootContextLoader
10:30:58.951 [main] DEBUG org.springframework.test.context.support.AbstractContextLoader - Did not detect default resource location for test class [com.yoga.api.YogaApplicationTests]: class path resource [com/yoga/api/YogaApplicationTests-context.xml] does not exist
10:30:58.952 [main] DEBUG org.springframework.test.context.support.AbstractContextLoader - Did not detect default resource location for test class [com.yoga.api.YogaApplicationTests]: class path resource [com/yoga/api/YogaApplicationTestsContext.groovy] does not exist
10:30:58.952 [main] INFO org.springframework.test.context.support.AbstractContextLoader - Could not detect default resource locations for test class [com.yoga.api.YogaApplicationTests]: no resource found for suffixes {-context.xml, Context.groovy}.
10:30:58.953 [main] INFO org.springframework.test.context.support.AnnotationConfigContextLoaderUtils - Could not detect default configuration classes for test class [com.yoga.api.YogaApplicationTests]: YogaApplicationTests does not declare any static, non-private, non-final, nested classes annotated with @Configuration.
10:30:59.013 [main] DEBUG org.springframework.test.context.support.ActiveProfilesUtils - Could not find an 'annotation declaring class' for annotation type [org.springframework.test.context.ActiveProfiles] and class [com.yoga.api.YogaApplicationTests]
10:30:59.021 [main] DEBUG org.springframework.core.env.StandardEnvironment - Adding PropertySource 'systemProperties' with lowest search precedence
10:30:59.021 [main] DEBUG org.springframework.core.env.StandardEnvironment - Adding PropertySource 'systemEnvironment' with lowest search precedence
10:30:59.022 [main] DEBUG org.springframework.core.env.StandardEnvironment - Initialized StandardEnvironment with PropertySources [MapPropertySource@778731861 {name='systemProperties', properties={gopherProxySet=false, awt.toolkit=sun.lwawt.macosx.LWCToolkit, java.specification.version=9, file.encoding.pkg=sun.io, sun.cpu.isalist=, sun.jnu.encoding=UTF-8, java.class.path=/Volumes/Data/Work/Spring/yoga/target/test-classes:/Volumes/Data/Work/Spring/yoga/target/classes:/Users/hoanghiep/.m2/repository/org/springframework/boot/spring-boot-starter-data-jpa/2.0.0.RELEASE/spring-boot-starter-data-jpa-2.0.0.RELEASE.jar:/Users/hoanghiep/.m2/repository/org/springframework/boot/spring-boot-starter/2.0.0.RELEASE/spring-boot-starter-2.0.0.RELEASE.jar:/Users/hoanghiep/.m2/repository/org/springframework/boot/spring-boot/2.0.0.RELEASE/spring-boot-2.0.0.RELEASE.jar:/Users/hoanghiep/.m2/repository/org/springframework/boot/spring-boot-autoconfigure/2.0.0.RELEASE/spring-boot-autoconfigure-2.0.0.RELEASE.jar:/Users/hoanghiep/.m2/repository/org/springframework/boot/spring-boot-starter-logging/2.0.0.RELEASE/spring-boot-starter-logging-2.0.0.RELEASE.jar:/Users/hoanghiep/.m2/repository/ch/qos/logback/logback-classic/1.2.3/logback-classic-1.2.3.jar:/Users/hoanghiep/.m2/repository/ch/qos/logback/logback-core/1.2.3/logback-core-1.2.3.jar:/Users/hoanghiep/.m2/repository/org/apache/logging/log4j/log4j-to-slf4j/2.10.0/log4j-to-slf4j-2.10.0.jar:/Users/hoanghiep/.m2/repository/org/apache/logging/log4j/log4j-api/2.10.0/log4j-api-2.10.0.jar:/Users/hoanghiep/.m2/repository/org/slf4j/jul-to-slf4j/1.7.25/jul-to-slf4j-1.7.25.jar:/Users/hoanghiep/.m2/repository/javax/annotation/javax.annotation-api/1.3.2/javax.annotation-api-1.3.2.jar:/Users/hoanghiep/.m2/repository/org/yaml/snakeyaml/1.19/snakeyaml-1.19.jar:/Users/hoanghiep/.m2/repository/org/springframework/boot/spring-boot-starter-aop/2.0.0.RELEASE/spring-boot-starter-aop-2.0.0.RELEASE.jar:/Users/hoanghiep/.m2/repository/org/springframework/spring-aop/5.0.4.RELEASE/spring-aop-5.0.4.RELEASE.jar:/Users/hoanghiep/.m2/repository/org/aspectj/aspectjweaver/1.8.13/aspectjweaver-1.8.13.jar:/Users/hoanghiep/.m2/repository/org/springframework/boot/spring-boot-starter-jdbc/2.0.0.RELEASE/spring-boot-starter-jdbc-2.0.0.RELEASE.jar:/Users/hoanghiep/.m2/repository/com/zaxxer/HikariCP/2.7.8/HikariCP-2.7.8.jar:/Users/hoanghiep/.m2/repository/org/springframework/spring-jdbc/5.0.4.RELEASE/spring-jdbc-5.0.4.RELEASE.jar:/Users/hoanghiep/.m2/repository/org/hibernate/hibernate-core/5.2.14.Final/hibernate-core-5.2.14.Final.jar:/Users/hoanghiep/.m2/repository/org/jboss/logging/jboss-logging/3.3.2.Final/jboss-logging-3.3.2.Final.jar:/Users/hoanghiep/.m2/repository/org/hibernate/javax/persistence/hibernate-jpa-2.1-api/1.0.0.Final/hibernate-jpa-2.1-api-1.0.0.Final.jar:/Users/hoanghiep/.m2/repository/org/javassist/javassist/3.22.0-GA/javassist-3.22.0-GA.jar:/Users/hoanghiep/.m2/repository/antlr/antlr/2.7.7/antlr-2.7.7.jar:/Users/hoanghiep/.m2/repository/org/jboss/jandex/2.0.3.Final/jandex-2.0.3.Final.jar:/Users/hoanghiep/.m2/repository/com/fasterxml/classmate/1.3.4/classmate-1.3.4.jar:/Users/hoanghiep/.m2/repository/dom4j/dom4j/1.6.1/dom4j-1.6.1.jar:/Users/hoanghiep/.m2/repository/org/hibernate/common/hibernate-commons-annotations/5.0.1.Final/hibernate-commons-annotations-5.0.1.Final.jar:/Users/hoanghiep/.m2/repository/javax/transaction/javax.transaction-api/1.2/javax.transaction-api-1.2.jar:/Users/hoanghiep/.m2/repository/org/springframework/data/spring-data-jpa/2.0.5.RELEASE/spring-data-jpa-2.0.5.RELEASE.jar:/Users/hoanghiep/.m2/repository/org/springframework/data/spring-data-commons/2.0.5.RELEASE/spring-data-commons-2.0.5.RELEASE.jar:/Users/hoanghiep/.m2/repository/org/springframework/spring-orm/5.0.4.RELEASE/spring-orm-5.0.4.RELEASE.jar:/Users/hoanghiep/.m2/repository/org/springframework/spring-context/5.0.4.RELEASE/spring-context-5.0.4.RELEASE.jar:/Users/hoanghiep/.m2/repository/org/springframework/spring-tx/5.0.4.RELEASE/spring-tx-5.0.4.RELEASE.jar:/Users/hoanghiep/.m2/repository/org/springframework/spring-beans/5.0.4.RELEASE/spring-beans-5.0.4.RELEASE.jar:/Users/hoanghiep/.m2/repository/org/slf4j/slf4j-api/1.7.25/slf4j-api-1.7.25.jar:/Users/hoanghiep/.m2/repository/org/springframework/spring-aspects/5.0.4.RELEASE/spring-aspects-5.0.4.RELEASE.jar:/Users/hoanghiep/.m2/repository/org/springframework/boot/spring-boot-starter-data-mongodb/2.0.0.RELEASE/spring-boot-starter-data-mongodb-2.0.0.RELEASE.jar:/Users/hoanghiep/.m2/repository/org/mongodb/mongodb-driver/3.6.3/mongodb-driver-3.6.3.jar:/Users/hoanghiep/.m2/repository/org/mongodb/bson/3.6.3/bson-3.6.3.jar:/Users/hoanghiep/.m2/repository/org/mongodb/mongodb-driver-core/3.6.3/mongodb-driver-core-3.6.3.jar:/Users/hoanghiep/.m2/repository/org/springframework/data/spring-data-mongodb/2.0.5.RELEASE/spring-data-mongodb-2.0.5.RELEASE.jar:/Users/hoanghiep/.m2/repository/org/springframework/spring-expression/5.0.4.RELEASE/spring-expression-5.0.4.RELEASE.jar:/Users/hoanghiep/.m2/repository/org/springframework/boot/spring-boot-starter-thymeleaf/2.0.0.RELEASE/spring-boot-starter-thymeleaf-2.0.0.RELEASE.jar:/Users/hoanghiep/.m2/repository/org/thymeleaf/thymeleaf-spring5/3.0.9.RELEASE/thymeleaf-spring5-3.0.9.RELEASE.jar:/Users/hoanghiep/.m2/repository/org/thymeleaf/thymeleaf/3.0.9.RELEASE/thymeleaf-3.0.9.RELEASE.jar:/Users/hoanghiep/.m2/repository/org/attoparser/attoparser/2.0.4.RELEASE/attoparser-2.0.4.RELEASE.jar:/Users/hoanghiep/.m2/repository/org/unbescape/unbescape/1.1.5.RELEASE/unbescape-1.1.5.RELEASE.jar:/Users/hoanghiep/.m2/repository/org/thymeleaf/extras/thymeleaf-extras-java8time/3.0.1.RELEASE/thymeleaf-extras-java8time-3.0.1.RELEASE.jar:/Users/hoanghiep/.m2/repository/org/springframework/boot/spring-boot-starter-web/2.0.0.RELEASE/spring-boot-starter-web-2.0.0.RELEASE.jar:/Users/hoanghiep/.m2/repository/org/springframework/boot/spring-boot-starter-json/2.0.0.RELEASE/spring-boot-starter-json-2.0.0.RELEASE.jar:/Users/hoanghiep/.m2/repository/com/fasterxml/jackson/datatype/jackson-datatype-jdk8/2.9.4/jackson-datatype-jdk8-2.9.4.jar:/Users/hoanghiep/.m2/repository/com/fasterxml/jackson/datatype/jackson-datatype-jsr310/2.9.4/jackson-datatype-jsr310-2.9.4.jar:/Users/hoanghiep/.m2/repository/com/fasterxml/jackson/module/jackson-module-parameter-names/2.9.4/jackson-module-parameter-names-2.9.4.jar:/Users/hoanghiep/.m2/repository/org/springframework/boot/spring-boot-starter-tomcat/2.0.0.RELEASE/spring-boot-starter-tomcat-2.0.0.RELEASE.jar:/Users/hoanghiep/.m2/repository/org/apache/tomcat/embed/tomcat-embed-core/8.5.28/tomcat-embed-core-8.5.28.jar:/Users/hoanghiep/.m2/repository/org/apache/tomcat/embed/tomcat-embed-el/8.5.28/tomcat-embed-el-8.5.28.jar:/Users/hoanghiep/.m2/repository/org/apache/tomcat/embed/tomcat-embed-websocket/8.5.28/tomcat-embed-websocket-8.5.28.jar:/Users/hoanghiep/.m2/repository/org/hibernate/validator/hibernate-validator/6.0.7.Final/hibernate-validator-6.0.7.Final.jar:/Users/hoanghiep/.m2/repository/javax/validation/validation-api/2.0.1.Final/validation-api-2.0.1.Final.jar:/Users/hoanghiep/.m2/repository/org/springframework/spring-web/5.0.4.RELEASE/spring-web-5.0.4.RELEASE.jar:/Users/hoanghiep/.m2/repository/org/springframework/spring-webmvc/5.0.4.RELEASE/spring-webmvc-5.0.4.RELEASE.jar:/Users/hoanghiep/.m2/repository/com/fasterxml/jackson/module/jackson-module-kotlin/2.9.4/jackson-module-kotlin-2.9.4.jar:/Users/hoanghiep/.m2/repository/com/fasterxml/jackson/core/jackson-databind/2.9.4/jackson-databind-2.9.4.jar:/Users/hoanghiep/.m2/repository/com/fasterxml/jackson/core/jackson-core/2.9.4/jackson-core-2.9.4.jar:/Users/hoanghiep/.m2/repository/com/fasterxml/jackson/core/jackson-annotations/2.9.0/jackson-annotations-2.9.0.jar:/Users/hoanghiep/.m2/repository/org/jetbrains/kotlin/kotlin-stdlib-jdk8/1.2.20/kotlin-stdlib-jdk8-1.2.20.jar:/Users/hoanghiep/.m2/repository/org/jetbrains/kotlin/kotlin-stdlib/1.2.20/kotlin-stdlib-1.2.20.jar:/Users/hoanghiep/.m2/repository/org/jetbrains/annotations/13.0/annotations-13.0.jar:/Users/hoanghiep/.m2/repository/org/jetbrains/kotlin/kotlin-stdlib-jdk7/1.2.20/kotlin-stdlib-jdk7-1.2.20.jar:/Users/hoanghiep/.m2/repository/org/jetbrains/kotlin/kotlin-reflect/1.2.20/kotlin-reflect-1.2.20.jar:/Users/hoanghiep/.m2/repository/com/h2database/h2/1.4.196/h2-1.4.196.jar:/Users/hoanghiep/.m2/repository/mysql/mysql-connector-java/5.1.45/mysql-connector-java-5.1.45.jar:/Users/hoanghiep/.m2/repository/org/springframework/boot/spring-boot-starter-test/2.0.0.RELEASE/spring-boot-starter-test-2.0.0.RELEASE.jar:/Users/hoanghiep/.m2/repository/org/springframework/boot/spring-boot-test/2.0.0.RELEASE/spring-boot-test-2.0.0.RELEASE.jar:/Users/hoanghiep/.m2/repository/org/springframework/boot/spring-boot-test-autoconfigure/2.0.0.RELEASE/spring-boot-test-autoconfigure-2.0.0.RELEASE.jar:/Users/hoanghiep/.m2/repository/com/jayway/jsonpath/json-path/2.4.0/json-path-2.4.0.jar:/Users/hoanghiep/.m2/repository/net/minidev/json-smart/2.3/json-smart-2.3.jar:/Users/hoanghiep/.m2/repository/net/minidev/accessors-smart/1.2/accessors-smart-1.2.jar:/Users/hoanghiep/.m2/repository/org/ow2/asm/asm/5.0.4/asm-5.0.4.jar:/Users/hoanghiep/.m2/repository/junit/junit/4.12/junit-4.12.jar:/Users/hoanghiep/.m2/repository/org/assertj/assertj-core/3.9.1/assertj-core-3.9.1.jar:/Users/hoanghiep/.m2/repository/org/mockito/mockito-core/2.15.0/mockito-core-2.15.0.jar:/Users/hoanghiep/.m2/repository/net/bytebuddy/byte-buddy/1.7.10/byte-buddy-1.7.10.jar:/Users/hoanghiep/.m2/repository/net/bytebuddy/byte-buddy-agent/1.7.10/byte-buddy-agent-1.7.10.jar:/Users/hoanghiep/.m2/repository/org/objenesis/objenesis/2.6/objenesis-2.6.jar:/Users/hoanghiep/.m2/repository/org/hamcrest/hamcrest-core/1.3/hamcrest-core-1.3.jar:/Users/hoanghiep/.m2/repository/org/hamcrest/hamcrest-library/1.3/hamcrest-library-1.3.jar:/Users/hoanghiep/.m2/repository/org/skyscreamer/jsonassert/1.5.0/jsonassert-1.5.0.jar:/Users/hoanghiep/.m2/repository/com/vaadin/external/google/android-json/0.0.20131108.vaadin1/android-json-0.0.20131108.vaadin1.jar:/Users/hoanghiep/.m2/repository/org/springframework/spring-core/5.0.4.RELEASE/spring-core-5.0.4.RELEASE.jar:/Users/hoanghiep/.m2/repository/org/springframework/spring-jcl/5.0.4.RELEASE/spring-jcl-5.0.4.RELEASE.jar:/Users/hoanghiep/.m2/repository/org/springframework/spring-test/5.0.4.RELEASE/spring-test-5.0.4.RELEASE.jar:/Users/hoanghiep/.m2/repository/org/xmlunit/xmlunit-core/2.5.1/xmlunit-core-2.5.1.jar:/Users/hoanghiep/.m2/repository/org/springframework/restdocs/spring-restdocs-mockmvc/2.0.0.RELEASE/spring-restdocs-mockmvc-2.0.0.RELEASE.jar:/Users/hoanghiep/.m2/repository/javax/servlet/javax.servlet-api/3.1.0/javax.servlet-api-3.1.0.jar:/Users/hoanghiep/.m2/repository/org/springframework/restdocs/spring-restdocs-core/2.0.0.RELEASE/spring-restdocs-core-2.0.0.RELEASE.jar:, java.vm.vendor=Oracle Corporation, sun.arch.data.model=64, java.vendor.url=http://java.oracle.com/, user.timezone=Asia/Ho_Chi_Minh, os.name=Mac OS X, java.vm.specification.version=9, sun.java.launcher=SUN_STANDARD, user.country=VN, sun.boot.library.path=/Library/Java/JavaVirtualMachines/jdk-9.0.1.jdk/Contents/Home/lib, sun.java.command=/Volumes/Data/Work/Spring/yoga/target/surefire/surefirebooter16779367700359880703.jar /Volumes/Data/Work/Spring/yoga/target/surefire 2018-03-17T10-30-58_120-jvmRun1 surefire16804828664351004611tmp surefire_015561925765955363624tmp, http.nonProxyHosts=local|*.local|169.254/16|*.169.254/16|google.com|*.google.com|googleusercontent.com|*.googleusercontent.com|google.com.vn|*.google.com.vn, jdk.debug=release, surefire.test.class.path=/Volumes/Data/Work/Spring/yoga/target/test-classes:/Volumes/Data/Work/Spring/yoga/target/classes:/Users/hoanghiep/.m2/repository/org/springframework/boot/spring-boot-starter-data-jpa/2.0.0.RELEASE/spring-boot-starter-data-jpa-2.0.0.RELEASE.jar:/Users/hoanghiep/.m2/repository/org/springframework/boot/spring-boot-starter/2.0.0.RELEASE/spring-boot-starter-2.0.0.RELEASE.jar:/Users/hoanghiep/.m2/repository/org/springframework/boot/spring-boot/2.0.0.RELEASE/spring-boot-2.0.0.RELEASE.jar:/Users/hoanghiep/.m2/repository/org/springframework/boot/spring-boot-autoconfigure/2.0.0.RELEASE/spring-boot-autoconfigure-2.0.0.RELEASE.jar:/Users/hoanghiep/.m2/repository/org/springframework/boot/spring-boot-starter-logging/2.0.0.RELEASE/spring-boot-starter-logging-2.0.0.RELEASE.jar:/Users/hoanghiep/.m2/repository/ch/qos/logback/logback-classic/1.2.3/logback-classic-1.2.3.jar:/Users/hoanghiep/.m2/repository/ch/qos/logback/logback-core/1.2.3/logback-core-1.2.3.jar:/Users/hoanghiep/.m2/repository/org/apache/logging/log4j/log4j-to-slf4j/2.10.0/log4j-to-slf4j-2.10.0.jar:/Users/hoanghiep/.m2/repository/org/apache/logging/log4j/log4j-api/2.10.0/log4j-api-2.10.0.jar:/Users/hoanghiep/.m2/repository/org/slf4j/jul-to-slf4j/1.7.25/jul-to-slf4j-1.7.25.jar:/Users/hoanghiep/.m2/repository/javax/annotation/javax.annotation-api/1.3.2/javax.annotation-api-1.3.2.jar:/Users/hoanghiep/.m2/repository/org/yaml/snakeyaml/1.19/snakeyaml-1.19.jar:/Users/hoanghiep/.m2/repository/org/springframework/boot/spring-boot-starter-aop/2.0.0.RELEASE/spring-boot-starter-aop-2.0.0.RELEASE.jar:/Users/hoanghiep/.m2/repository/org/springframework/spring-aop/5.0.4.RELEASE/spring-aop-5.0.4.RELEASE.jar:/Users/hoanghiep/.m2/repository/org/aspectj/aspectjweaver/1.8.13/aspectjweaver-1.8.13.jar:/Users/hoanghiep/.m2/repository/org/springframework/boot/spring-boot-starter-jdbc/2.0.0.RELEASE/spring-boot-starter-jdbc-2.0.0.RELEASE.jar:/Users/hoanghiep/.m2/repository/com/zaxxer/HikariCP/2.7.8/HikariCP-2.7.8.jar:/Users/hoanghiep/.m2/repository/org/springframework/spring-jdbc/5.0.4.RELEASE/spring-jdbc-5.0.4.RELEASE.jar:/Users/hoanghiep/.m2/repository/org/hibernate/hibernate-core/5.2.14.Final/hibernate-core-5.2.14.Final.jar:/Users/hoanghiep/.m2/repository/org/jboss/logging/jboss-logging/3.3.2.Final/jboss-logging-3.3.2.Final.jar:/Users/hoanghiep/.m2/repository/org/hibernate/javax/persistence/hibernate-jpa-2.1-api/1.0.0.Final/hibernate-jpa-2.1-api-1.0.0.Final.jar:/Users/hoanghiep/.m2/repository/org/javassist/javassist/3.22.0-GA/javassist-3.22.0-GA.jar:/Users/hoanghiep/.m2/repository/antlr/antlr/2.7.7/antlr-2.7.7.jar:/Users/hoanghiep/.m2/repository/org/jboss/jandex/2.0.3.Final/jandex-2.0.3.Final.jar:/Users/hoanghiep/.m2/repository/com/fasterxml/classmate/1.3.4/classmate-1.3.4.jar:/Users/hoanghiep/.m2/repository/dom4j/dom4j/1.6.1/dom4j-1.6.1.jar:/Users/hoanghiep/.m2/repository/org/hibernate/common/hibernate-commons-annotations/5.0.1.Final/hibernate-commons-annotations-5.0.1.Final.jar:/Users/hoanghiep/.m2/repository/javax/transaction/javax.transaction-api/1.2/javax.transaction-api-1.2.jar:/Users/hoanghiep/.m2/repository/org/springframework/data/spring-data-jpa/2.0.5.RELEASE/spring-data-jpa-2.0.5.RELEASE.jar:/Users/hoanghiep/.m2/repository/org/springframework/data/spring-data-commons/2.0.5.RELEASE/spring-data-commons-2.0.5.RELEASE.jar:/Users/hoanghiep/.m2/repository/org/springframework/spring-orm/5.0.4.RELEASE/spring-orm-5.0.4.RELEASE.jar:/Users/hoanghiep/.m2/repository/org/springframework/spring-context/5.0.4.RELEASE/spring-context-5.0.4.RELEASE.jar:/Users/hoanghiep/.m2/repository/org/springframework/spring-tx/5.0.4.RELEASE/spring-tx-5.0.4.RELEASE.jar:/Users/hoanghiep/.m2/repository/org/springframework/spring-beans/5.0.4.RELEASE/spring-beans-5.0.4.RELEASE.jar:/Users/hoanghiep/.m2/repository/org/slf4j/slf4j-api/1.7.25/slf4j-api-1.7.25.jar:/Users/hoanghiep/.m2/repository/org/springframework/spring-aspects/5.0.4.RELEASE/spring-aspects-5.0.4.RELEASE.jar:/Users/hoanghiep/.m2/repository/org/springframework/boot/spring-boot-starter-data-mongodb/2.0.0.RELEASE/spring-boot-starter-data-mongodb-2.0.0.RELEASE.jar:/Users/hoanghiep/.m2/repository/org/mongodb/mongodb-driver/3.6.3/mongodb-driver-3.6.3.jar:/Users/hoanghiep/.m2/repository/org/mongodb/bson/3.6.3/bson-3.6.3.jar:/Users/hoanghiep/.m2/repository/org/mongodb/mongodb-driver-core/3.6.3/mongodb-driver-core-3.6.3.jar:/Users/hoanghiep/.m2/repository/org/springframework/data/spring-data-mongodb/2.0.5.RELEASE/spring-data-mongodb-2.0.5.RELEASE.jar:/Users/hoanghiep/.m2/repository/org/springframework/spring-expression/5.0.4.RELEASE/spring-expression-5.0.4.RELEASE.jar:/Users/hoanghiep/.m2/repository/org/springframework/boot/spring-boot-starter-thymeleaf/2.0.0.RELEASE/spring-boot-starter-thymeleaf-2.0.0.RELEASE.jar:/Users/hoanghiep/.m2/repository/org/thymeleaf/thymeleaf-spring5/3.0.9.RELEASE/thymeleaf-spring5-3.0.9.RELEASE.jar:/Users/hoanghiep/.m2/repository/org/thymeleaf/thymeleaf/3.0.9.RELEASE/thymeleaf-3.0.9.RELEASE.jar:/Users/hoanghiep/.m2/repository/org/attoparser/attoparser/2.0.4.RELEASE/attoparser-2.0.4.RELEASE.jar:/Users/hoanghiep/.m2/repository/org/unbescape/unbescape/1.1.5.RELEASE/unbescape-1.1.5.RELEASE.jar:/Users/hoanghiep/.m2/repository/org/thymeleaf/extras/thymeleaf-extras-java8time/3.0.1.RELEASE/thymeleaf-extras-java8time-3.0.1.RELEASE.jar:/Users/hoanghiep/.m2/repository/org/springframework/boot/spring-boot-starter-web/2.0.0.RELEASE/spring-boot-starter-web-2.0.0.RELEASE.jar:/Users/hoanghiep/.m2/repository/org/springframework/boot/spring-boot-starter-json/2.0.0.RELEASE/spring-boot-starter-json-2.0.0.RELEASE.jar:/Users/hoanghiep/.m2/repository/com/fasterxml/jackson/datatype/jackson-datatype-jdk8/2.9.4/jackson-datatype-jdk8-2.9.4.jar:/Users/hoanghiep/.m2/repository/com/fasterxml/jackson/datatype/jackson-datatype-jsr310/2.9.4/jackson-datatype-jsr310-2.9.4.jar:/Users/hoanghiep/.m2/repository/com/fasterxml/jackson/module/jackson-module-parameter-names/2.9.4/jackson-module-parameter-names-2.9.4.jar:/Users/hoanghiep/.m2/repository/org/springframework/boot/spring-boot-starter-tomcat/2.0.0.RELEASE/spring-boot-starter-tomcat-2.0.0.RELEASE.jar:/Users/hoanghiep/.m2/repository/org/apache/tomcat/embed/tomcat-embed-core/8.5.28/tomcat-embed-core-8.5.28.jar:/Users/hoanghiep/.m2/repository/org/apache/tomcat/embed/tomcat-embed-el/8.5.28/tomcat-embed-el-8.5.28.jar:/Users/hoanghiep/.m2/repository/org/apache/tomcat/embed/tomcat-embed-websocket/8.5.28/tomcat-embed-websocket-8.5.28.jar:/Users/hoanghiep/.m2/repository/org/hibernate/validator/hibernate-validator/6.0.7.Final/hibernate-validator-6.0.7.Final.jar:/Users/hoanghiep/.m2/repository/javax/validation/validation-api/2.0.1.Final/validation-api-2.0.1.Final.jar:/Users/hoanghiep/.m2/repository/org/springframework/spring-web/5.0.4.RELEASE/spring-web-5.0.4.RELEASE.jar:/Users/hoanghiep/.m2/repository/org/springframework/spring-webmvc/5.0.4.RELEASE/spring-webmvc-5.0.4.RELEASE.jar:/Users/hoanghiep/.m2/repository/com/fasterxml/jackson/module/jackson-module-kotlin/2.9.4/jackson-module-kotlin-2.9.4.jar:/Users/hoanghiep/.m2/repository/com/fasterxml/jackson/core/jackson-databind/2.9.4/jackson-databind-2.9.4.jar:/Users/hoanghiep/.m2/repository/com/fasterxml/jackson/core/jackson-core/2.9.4/jackson-core-2.9.4.jar:/Users/hoanghiep/.m2/repository/com/fasterxml/jackson/core/jackson-annotations/2.9.0/jackson-annotations-2.9.0.jar:/Users/hoanghiep/.m2/repository/org/jetbrains/kotlin/kotlin-stdlib-jdk8/1.2.20/kotlin-stdlib-jdk8-1.2.20.jar:/Users/hoanghiep/.m2/repository/org/jetbrains/kotlin/kotlin-stdlib/1.2.20/kotlin-stdlib-1.2.20.jar:/Users/hoanghiep/.m2/repository/org/jetbrains/annotations/13.0/annotations-13.0.jar:/Users/hoanghiep/.m2/repository/org/jetbrains/kotlin/kotlin-stdlib-jdk7/1.2.20/kotlin-stdlib-jdk7-1.2.20.jar:/Users/hoanghiep/.m2/repository/org/jetbrains/kotlin/kotlin-reflect/1.2.20/kotlin-reflect-1.2.20.jar:/Users/hoanghiep/.m2/repository/com/h2database/h2/1.4.196/h2-1.4.196.jar:/Users/hoanghiep/.m2/repository/mysql/mysql-connector-java/5.1.45/mysql-connector-java-5.1.45.jar:/Users/hoanghiep/.m2/repository/org/springframework/boot/spring-boot-starter-test/2.0.0.RELEASE/spring-boot-starter-test-2.0.0.RELEASE.jar:/Users/hoanghiep/.m2/repository/org/springframework/boot/spring-boot-test/2.0.0.RELEASE/spring-boot-test-2.0.0.RELEASE.jar:/Users/hoanghiep/.m2/repository/org/springframework/boot/spring-boot-test-autoconfigure/2.0.0.RELEASE/spring-boot-test-autoconfigure-2.0.0.RELEASE.jar:/Users/hoanghiep/.m2/repository/com/jayway/jsonpath/json-path/2.4.0/json-path-2.4.0.jar:/Users/hoanghiep/.m2/repository/net/minidev/json-smart/2.3/json-smart-2.3.jar:/Users/hoanghiep/.m2/repository/net/minidev/accessors-smart/1.2/accessors-smart-1.2.jar:/Users/hoanghiep/.m2/repository/org/ow2/asm/asm/5.0.4/asm-5.0.4.jar:/Users/hoanghiep/.m2/repository/junit/junit/4.12/junit-4.12.jar:/Users/hoanghiep/.m2/repository/org/assertj/assertj-core/3.9.1/assertj-core-3.9.1.jar:/Users/hoanghiep/.m2/repository/org/mockito/mockito-core/2.15.0/mockito-core-2.15.0.jar:/Users/hoanghiep/.m2/repository/net/bytebuddy/byte-buddy/1.7.10/byte-buddy-1.7.10.jar:/Users/hoanghiep/.m2/repository/net/bytebuddy/byte-buddy-agent/1.7.10/byte-buddy-agent-1.7.10.jar:/Users/hoanghiep/.m2/repository/org/objenesis/objenesis/2.6/objenesis-2.6.jar:/Users/hoanghiep/.m2/repository/org/hamcrest/hamcrest-core/1.3/hamcrest-core-1.3.jar:/Users/hoanghiep/.m2/repository/org/hamcrest/hamcrest-library/1.3/hamcrest-library-1.3.jar:/Users/hoanghiep/.m2/repository/org/skyscreamer/jsonassert/1.5.0/jsonassert-1.5.0.jar:/Users/hoanghiep/.m2/repository/com/vaadin/external/google/android-json/0.0.20131108.vaadin1/android-json-0.0.20131108.vaadin1.jar:/Users/hoanghiep/.m2/repository/org/springframework/spring-core/5.0.4.RELEASE/spring-core-5.0.4.RELEASE.jar:/Users/hoanghiep/.m2/repository/org/springframework/spring-jcl/5.0.4.RELEASE/spring-jcl-5.0.4.RELEASE.jar:/Users/hoanghiep/.m2/repository/org/springframework/spring-test/5.0.4.RELEASE/spring-test-5.0.4.RELEASE.jar:/Users/hoanghiep/.m2/repository/org/xmlunit/xmlunit-core/2.5.1/xmlunit-core-2.5.1.jar:/Users/hoanghiep/.m2/repository/org/springframework/restdocs/spring-restdocs-mockmvc/2.0.0.RELEASE/spring-restdocs-mockmvc-2.0.0.RELEASE.jar:/Users/hoanghiep/.m2/repository/javax/servlet/javax.servlet-api/3.1.0/javax.servlet-api-3.1.0.jar:/Users/hoanghiep/.m2/repository/org/springframework/restdocs/spring-restdocs-core/2.0.0.RELEASE/spring-restdocs-core-2.0.0.RELEASE.jar:, sun.cpu.endian=little, user.home=/Users/hoanghiep, user.language=en, java.specification.vendor=Oracle Corporation, java.home=/Library/Java/JavaVirtualMachines/jdk-9.0.1.jdk/Contents/Home, file.separator=/, basedir=/Volumes/Data/Work/Spring/yoga, java.vm.compressedOopsMode=Zero based, line.separator=
, java.specification.name=Java Platform API Specification, java.vm.specification.vendor=Oracle Corporation, java.awt.graphicsenv=sun.awt.CGraphicsEnvironment, surefire.real.class.path=/Volumes/Data/Work/Spring/yoga/target/surefire/surefirebooter16779367700359880703.jar, sun.management.compiler=HotSpot 64-Bit Tiered Compilers, ftp.nonProxyHosts=local|*.local|169.254/16|*.169.254/16|google.com|*.google.com|googleusercontent.com|*.googleusercontent.com|google.com.vn|*.google.com.vn, java.runtime.version=9.0.1+11, user.name=hoanghiep, path.separator=:, os.version=10.13.3, java.runtime.name=Java(TM) SE Runtime Environment, file.encoding=UTF-8, java.vm.name=Java HotSpot(TM) 64-Bit Server VM, localRepository=/Users/hoanghiep/.m2/repository, java.vendor.url.bug=http://bugreport.java.com/bugreport/, java.io.tmpdir=/var/folders/pb/7nd28khs7zs9mjlscvpxxrm00000gn/T/, idea.version=2017.3.5, java.version=9.0.1, user.dir=/Volumes/Data/Work/Spring/yoga, os.arch=x86_64, java.vm.specification.name=Java Virtual Machine Specification, java.awt.printerjob=sun.lwawt.macosx.CPrinterJob, sun.os.patch.level=unknown, java.library.path=/Users/hoanghiep/Library/Java/Extensions:/Library/Java/Extensions:/Network/Library/Java/Extensions:/System/Library/Java/Extensions:/usr/lib/java:., java.vm.info=mixed mode, java.vendor=Oracle Corporation, java.vm.version=9.0.1+11, sun.io.unicode.encoding=UnicodeBig, java.class.version=53.0, socksNonProxyHosts=local|*.local|169.254/16|*.169.254/16|google.com|*.google.com|googleusercontent.com|*.googleusercontent.com|google.com.vn|*.google.com.vn}}, SystemEnvironmentPropertySource@1646371921 {name='systemEnvironment', properties={PATH=/usr/local/bin:/usr/bin:/bin:/usr/sbin:/sbin, SHELL=/bin/zsh, JAVA_MAIN_CLASS_1152=org.codehaus.classworlds.Launcher, JAVA_MAIN_CLASS_1154=org.apache.maven.surefire.booter.ForkedBooter, PAGER=less, LSCOLORS=Gxfxcxdxbxegedabagacad, OLDPWD=/Volumes/Data/Work/Spring/yoga, VERSIONER_PYTHON_PREFER_32_BIT=no, USER=hoanghiep, ZSH=/Users/hoanghiep/.oh-my-zsh, TMPDIR=/var/folders/pb/7nd28khs7zs9mjlscvpxxrm00000gn/T/, SSH_AUTH_SOCK=/private/tmp/com.apple.launchd.SN7Pn4t0tJ/Listeners, XPC_FLAGS=0x0, VERSIONER_PYTHON_VERSION=2.7, __CF_USER_TEXT_ENCODING=0x1F5:0x0:0x0, Apple_PubSub_Socket_Render=/private/tmp/com.apple.launchd.Q6zGsmwPzY/Render, LOGNAME=hoanghiep, LESS=-R, LC_CTYPE=en_US.UTF-8, XPC_SERVICE_NAME=0, PWD=/Volumes/Data/Work/Spring/yoga, HOME=/Users/hoanghiep, SHLVL=1, _=/Library/Java/JavaVirtualMachines/jdk-9.0.1.jdk/Contents/Home/bin/java}}]
10:30:59.035 [main] DEBUG org.springframework.core.io.support.PathMatchingResourcePatternResolver - Resolved classpath location [com/yoga/api/] to resources [URL [file:/Volumes/Data/Work/Spring/yoga/target/test-classes/com/yoga/api/], URL [file:/Volumes/Data/Work/Spring/yoga/target/classes/com/yoga/api/]]
10:30:59.035 [main] DEBUG org.springframework.core.io.support.PathMatchingResourcePatternResolver - Looking for matching resources in directory tree [/Volumes/Data/Work/Spring/yoga/target/test-classes/com/yoga/api]
10:30:59.035 [main] DEBUG org.springframework.core.io.support.PathMatchingResourcePatternResolver - Searching directory [/Volumes/Data/Work/Spring/yoga/target/test-classes/com/yoga/api] for files matching pattern [/Volumes/Data/Work/Spring/yoga/target/test-classes/com/yoga/api/*.class]
10:30:59.043 [main] DEBUG org.springframework.core.io.support.PathMatchingResourcePatternResolver - Looking for matching resources in directory tree [/Volumes/Data/Work/Spring/yoga/target/classes/com/yoga/api]
10:30:59.043 [main] DEBUG org.springframework.core.io.support.PathMatchingResourcePatternResolver - Searching directory [/Volumes/Data/Work/Spring/yoga/target/classes/com/yoga/api] for files matching pattern [/Volumes/Data/Work/Spring/yoga/target/classes/com/yoga/api/*.class]
10:30:59.044 [main] DEBUG org.springframework.core.io.support.PathMatchingResourcePatternResolver - Resolved location pattern [classpath*:com/yoga/api/*.class] to resources [file [/Volumes/Data/Work/Spring/yoga/target/test-classes/com/yoga/api/YogaApplicationTests.class], file [/Volumes/Data/Work/Spring/yoga/target/classes/com/yoga/api/YogaApplication.class], file [/Volumes/Data/Work/Spring/yoga/target/classes/com/yoga/api/YogaApplicationKt.class]]
10:30:59.091 [main] DEBUG org.springframework.context.annotation.ClassPathScanningCandidateComponentProvider - Identified candidate component class: file [/Volumes/Data/Work/Spring/yoga/target/classes/com/yoga/api/YogaApplication.class]
10:30:59.094 [main] INFO org.springframework.boot.test.context.SpringBootTestContextBootstrapper - Found @SpringBootConfiguration com.yoga.api.YogaApplication for test class com.yoga.api.YogaApplicationTests
10:30:59.226 [main] DEBUG org.springframework.boot.test.context.SpringBootTestContextBootstrapper - @TestExecutionListeners is not present for class [com.yoga.api.YogaApplicationTests]: using defaults.
10:30:59.227 [main] INFO org.springframework.boot.test.context.SpringBootTestContextBootstrapper - Loaded default TestExecutionListener class names from location [META-INF/spring.factories]: [org.springframework.boot.test.mock.mockito.MockitoTestExecutionListener, org.springframework.boot.test.mock.mockito.ResetMocksTestExecutionListener, org.springframework.boot.test.autoconfigure.restdocs.RestDocsTestExecutionListener, org.springframework.boot.test.autoconfigure.web.client.MockRestServiceServerResetTestExecutionListener, org.springframework.boot.test.autoconfigure.web.servlet.MockMvcPrintOnlyOnFailureTestExecutionListener, org.springframework.boot.test.autoconfigure.web.servlet.WebDriverTestExecutionListener, org.springframework.test.context.web.ServletTestExecutionListener, org.springframework.test.context.support.DirtiesContextBeforeModesTestExecutionListener, org.springframework.test.context.support.DependencyInjectionTestExecutionListener, org.springframework.test.context.support.DirtiesContextTestExecutionListener, org.springframework.test.context.transaction.TransactionalTestExecutionListener, org.springframework.test.context.jdbc.SqlScriptsTestExecutionListener]
10:30:59.250 [main] INFO org.springframework.boot.test.context.SpringBootTestContextBootstrapper - Using TestExecutionListeners: [org.springframework.test.context.web.ServletTestExecutionListener@66c61024, org.springframework.test.context.support.DirtiesContextBeforeModesTestExecutionListener@61fe30, org.springframework.boot.test.mock.mockito.MockitoTestExecutionListener@c9d0d6, org.springframework.boot.test.autoconfigure.SpringBootDependencyInjectionTestExecutionListener@6ccdb29f, org.springframework.test.context.support.DirtiesContextTestExecutionListener@3adcc812, org.springframework.test.context.transaction.TransactionalTestExecutionListener@35432107, org.springframework.test.context.jdbc.SqlScriptsTestExecutionListener@7b420819, org.springframework.boot.test.mock.mockito.ResetMocksTestExecutionListener@7a1a14a4, org.springframework.boot.test.autoconfigure.restdocs.RestDocsTestExecutionListener@265adfad, org.springframework.boot.test.autoconfigure.web.client.MockRestServiceServerResetTestExecutionListener@a3d9978, org.springframework.boot.test.autoconfigure.web.servlet.MockMvcPrintOnlyOnFailureTestExecutionListener@61544ae6, org.springframework.boot.test.autoconfigure.web.servlet.WebDriverTestExecutionListener@4b41dd5c]
10:30:59.251 [main] DEBUG org.springframework.test.annotation.ProfileValueUtils - Retrieved @ProfileValueSourceConfiguration [null] for test class [com.yoga.api.YogaApplicationTests]
10:30:59.252 [main] DEBUG org.springframework.test.annotation.ProfileValueUtils - Retrieved ProfileValueSource type [class org.springframework.test.annotation.SystemProfileValueSource] for class [com.yoga.api.YogaApplicationTests]
10:30:59.253 [main] DEBUG org.springframework.test.annotation.ProfileValueUtils - Retrieved @ProfileValueSourceConfiguration [null] for test class [com.yoga.api.YogaApplicationTests]
10:30:59.253 [main] DEBUG org.springframework.test.annotation.ProfileValueUtils - Retrieved ProfileValueSource type [class org.springframework.test.annotation.SystemProfileValueSource] for class [com.yoga.api.YogaApplicationTests]
10:30:59.253 [main] DEBUG org.springframework.test.annotation.ProfileValueUtils - Retrieved @ProfileValueSourceConfiguration [null] for test class [com.yoga.api.YogaApplicationTests]
10:30:59.253 [main] DEBUG org.springframework.test.annotation.ProfileValueUtils - Retrieved ProfileValueSource type [class org.springframework.test.annotation.SystemProfileValueSource] for class [com.yoga.api.YogaApplicationTests]
10:30:59.257 [main] DEBUG org.springframework.test.context.support.AbstractDirtiesContextTestExecutionListener - Before test class: context [DefaultTestContext@36328d33 testClass = YogaApplicationTests, testInstance = [null], testMethod = [null], testException = [null], mergedContextConfiguration = [WebMergedContextConfiguration@2c4d1ac testClass = YogaApplicationTests, locations = '{}', classes = '{class com.yoga.api.YogaApplication}', contextInitializerClasses = '[]', activeProfiles = '{}', propertySourceLocations = '{}', propertySourceProperties = '{org.springframework.boot.test.context.SpringBootTestContextBootstrapper=true}', contextCustomizers = set[org.springframework.boot.test.context.filter.ExcludeFilterContextCustomizer@20ccf40b, org.springframework.boot.test.json.DuplicateJsonObjectContextCustomizerFactory$DuplicateJsonObjectContextCustomizer@35aea049, org.springframework.boot.test.mock.mockito.MockitoContextCustomizer@0, org.springframework.boot.test.web.client.TestRestTemplateContextCustomizer@2c35e847, org.springframework.boot.test.autoconfigure.properties.PropertyMappingContextCustomizer@0, org.springframework.boot.test.autoconfigure.web.servlet.WebDriverContextCustomizerFactory$Customizer@53ce1329], resourceBasePath = 'src/main/webapp', contextLoader = 'org.springframework.boot.test.context.SpringBootContextLoader', parent = [null]], attributes = map['org.springframework.test.context.web.ServletTestExecutionListener.activateListener' -> true]], class annotated with @DirtiesContext [false] with mode [null].
10:30:59.258 [main] DEBUG org.springframework.test.annotation.ProfileValueUtils - Retrieved @ProfileValueSourceConfiguration [null] for test class [com.yoga.api.YogaApplicationTests]
10:30:59.258 [main] DEBUG org.springframework.test.annotation.ProfileValueUtils - Retrieved ProfileValueSource type [class org.springframework.test.annotation.SystemProfileValueSource] for class [com.yoga.api.YogaApplicationTests]
10:30:59.287 [main] DEBUG org.springframework.core.env.StandardEnvironment - Adding PropertySource 'systemProperties' with lowest search precedence
10:30:59.287 [main] DEBUG org.springframework.core.env.StandardEnvironment - Adding PropertySource 'systemEnvironment' with lowest search precedence
10:30:59.287 [main] DEBUG org.springframework.core.env.StandardEnvironment - Initialized StandardEnvironment with PropertySources [MapPropertySource@1686934746 {name='systemProperties', properties={gopherProxySet=false, awt.toolkit=sun.lwawt.macosx.LWCToolkit, java.specification.version=9, file.encoding.pkg=sun.io, sun.cpu.isalist=, sun.jnu.encoding=UTF-8, java.class.path=/Volumes/Data/Work/Spring/yoga/target/test-classes:/Volumes/Data/Work/Spring/yoga/target/classes:/Users/hoanghiep/.m2/repository/org/springframework/boot/spring-boot-starter-data-jpa/2.0.0.RELEASE/spring-boot-starter-data-jpa-2.0.0.RELEASE.jar:/Users/hoanghiep/.m2/repository/org/springframework/boot/spring-boot-starter/2.0.0.RELEASE/spring-boot-starter-2.0.0.RELEASE.jar:/Users/hoanghiep/.m2/repository/org/springframework/boot/spring-boot/2.0.0.RELEASE/spring-boot-2.0.0.RELEASE.jar:/Users/hoanghiep/.m2/repository/org/springframework/boot/spring-boot-autoconfigure/2.0.0.RELEASE/spring-boot-autoconfigure-2.0.0.RELEASE.jar:/Users/hoanghiep/.m2/repository/org/springframework/boot/spring-boot-starter-logging/2.0.0.RELEASE/spring-boot-starter-logging-2.0.0.RELEASE.jar:/Users/hoanghiep/.m2/repository/ch/qos/logback/logback-classic/1.2.3/logback-classic-1.2.3.jar:/Users/hoanghiep/.m2/repository/ch/qos/logback/logback-core/1.2.3/logback-core-1.2.3.jar:/Users/hoanghiep/.m2/repository/org/apache/logging/log4j/log4j-to-slf4j/2.10.0/log4j-to-slf4j-2.10.0.jar:/Users/hoanghiep/.m2/repository/org/apache/logging/log4j/log4j-api/2.10.0/log4j-api-2.10.0.jar:/Users/hoanghiep/.m2/repository/org/slf4j/jul-to-slf4j/1.7.25/jul-to-slf4j-1.7.25.jar:/Users/hoanghiep/.m2/repository/javax/annotation/javax.annotation-api/1.3.2/javax.annotation-api-1.3.2.jar:/Users/hoanghiep/.m2/repository/org/yaml/snakeyaml/1.19/snakeyaml-1.19.jar:/Users/hoanghiep/.m2/repository/org/springframework/boot/spring-boot-starter-aop/2.0.0.RELEASE/spring-boot-starter-aop-2.0.0.RELEASE.jar:/Users/hoanghiep/.m2/repository/org/springframework/spring-aop/5.0.4.RELEASE/spring-aop-5.0.4.RELEASE.jar:/Users/hoanghiep/.m2/repository/org/aspectj/aspectjweaver/1.8.13/aspectjweaver-1.8.13.jar:/Users/hoanghiep/.m2/repository/org/springframework/boot/spring-boot-starter-jdbc/2.0.0.RELEASE/spring-boot-starter-jdbc-2.0.0.RELEASE.jar:/Users/hoanghiep/.m2/repository/com/zaxxer/HikariCP/2.7.8/HikariCP-2.7.8.jar:/Users/hoanghiep/.m2/repository/org/springframework/spring-jdbc/5.0.4.RELEASE/spring-jdbc-5.0.4.RELEASE.jar:/Users/hoanghiep/.m2/repository/org/hibernate/hibernate-core/5.2.14.Final/hibernate-core-5.2.14.Final.jar:/Users/hoanghiep/.m2/repository/org/jboss/logging/jboss-logging/3.3.2.Final/jboss-logging-3.3.2.Final.jar:/Users/hoanghiep/.m2/repository/org/hibernate/javax/persistence/hibernate-jpa-2.1-api/1.0.0.Final/hibernate-jpa-2.1-api-1.0.0.Final.jar:/Users/hoanghiep/.m2/repository/org/javassist/javassist/3.22.0-GA/javassist-3.22.0-GA.jar:/Users/hoanghiep/.m2/repository/antlr/antlr/2.7.7/antlr-2.7.7.jar:/Users/hoanghiep/.m2/repository/org/jboss/jandex/2.0.3.Final/jandex-2.0.3.Final.jar:/Users/hoanghiep/.m2/repository/com/fasterxml/classmate/1.3.4/classmate-1.3.4.jar:/Users/hoanghiep/.m2/repository/dom4j/dom4j/1.6.1/dom4j-1.6.1.jar:/Users/hoanghiep/.m2/repository/org/hibernate/common/hibernate-commons-annotations/5.0.1.Final/hibernate-commons-annotations-5.0.1.Final.jar:/Users/hoanghiep/.m2/repository/javax/transaction/javax.transaction-api/1.2/javax.transaction-api-1.2.jar:/Users/hoanghiep/.m2/repository/org/springframework/data/spring-data-jpa/2.0.5.RELEASE/spring-data-jpa-2.0.5.RELEASE.jar:/Users/hoanghiep/.m2/repository/org/springframework/data/spring-data-commons/2.0.5.RELEASE/spring-data-commons-2.0.5.RELEASE.jar:/Users/hoanghiep/.m2/repository/org/springframework/spring-orm/5.0.4.RELEASE/spring-orm-5.0.4.RELEASE.jar:/Users/hoanghiep/.m2/repository/org/springframework/spring-context/5.0.4.RELEASE/spring-context-5.0.4.RELEASE.jar:/Users/hoanghiep/.m2/repository/org/springframework/spring-tx/5.0.4.RELEASE/spring-tx-5.0.4.RELEASE.jar:/Users/hoanghiep/.m2/repository/org/springframework/spring-beans/5.0.4.RELEASE/spring-beans-5.0.4.RELEASE.jar:/Users/hoanghiep/.m2/repository/org/slf4j/slf4j-api/1.7.25/slf4j-api-1.7.25.jar:/Users/hoanghiep/.m2/repository/org/springframework/spring-aspects/5.0.4.RELEASE/spring-aspects-5.0.4.RELEASE.jar:/Users/hoanghiep/.m2/repository/org/springframework/boot/spring-boot-starter-data-mongodb/2.0.0.RELEASE/spring-boot-starter-data-mongodb-2.0.0.RELEASE.jar:/Users/hoanghiep/.m2/repository/org/mongodb/mongodb-driver/3.6.3/mongodb-driver-3.6.3.jar:/Users/hoanghiep/.m2/repository/org/mongodb/bson/3.6.3/bson-3.6.3.jar:/Users/hoanghiep/.m2/repository/org/mongodb/mongodb-driver-core/3.6.3/mongodb-driver-core-3.6.3.jar:/Users/hoanghiep/.m2/repository/org/springframework/data/spring-data-mongodb/2.0.5.RELEASE/spring-data-mongodb-2.0.5.RELEASE.jar:/Users/hoanghiep/.m2/repository/org/springframework/spring-expression/5.0.4.RELEASE/spring-expression-5.0.4.RELEASE.jar:/Users/hoanghiep/.m2/repository/org/springframework/boot/spring-boot-starter-thymeleaf/2.0.0.RELEASE/spring-boot-starter-thymeleaf-2.0.0.RELEASE.jar:/Users/hoanghiep/.m2/repository/org/thymeleaf/thymeleaf-spring5/3.0.9.RELEASE/thymeleaf-spring5-3.0.9.RELEASE.jar:/Users/hoanghiep/.m2/repository/org/thymeleaf/thymeleaf/3.0.9.RELEASE/thymeleaf-3.0.9.RELEASE.jar:/Users/hoanghiep/.m2/repository/org/attoparser/attoparser/2.0.4.RELEASE/attoparser-2.0.4.RELEASE.jar:/Users/hoanghiep/.m2/repository/org/unbescape/unbescape/1.1.5.RELEASE/unbescape-1.1.5.RELEASE.jar:/Users/hoanghiep/.m2/repository/org/thymeleaf/extras/thymeleaf-extras-java8time/3.0.1.RELEASE/thymeleaf-extras-java8time-3.0.1.RELEASE.jar:/Users/hoanghiep/.m2/repository/org/springframework/boot/spring-boot-starter-web/2.0.0.RELEASE/spring-boot-starter-web-2.0.0.RELEASE.jar:/Users/hoanghiep/.m2/repository/org/springframework/boot/spring-boot-starter-json/2.0.0.RELEASE/spring-boot-starter-json-2.0.0.RELEASE.jar:/Users/hoanghiep/.m2/repository/com/fasterxml/jackson/datatype/jackson-datatype-jdk8/2.9.4/jackson-datatype-jdk8-2.9.4.jar:/Users/hoanghiep/.m2/repository/com/fasterxml/jackson/datatype/jackson-datatype-jsr310/2.9.4/jackson-datatype-jsr310-2.9.4.jar:/Users/hoanghiep/.m2/repository/com/fasterxml/jackson/module/jackson-module-parameter-names/2.9.4/jackson-module-parameter-names-2.9.4.jar:/Users/hoanghiep/.m2/repository/org/springframework/boot/spring-boot-starter-tomcat/2.0.0.RELEASE/spring-boot-starter-tomcat-2.0.0.RELEASE.jar:/Users/hoanghiep/.m2/repository/org/apache/tomcat/embed/tomcat-embed-core/8.5.28/tomcat-embed-core-8.5.28.jar:/Users/hoanghiep/.m2/repository/org/apache/tomcat/embed/tomcat-embed-el/8.5.28/tomcat-embed-el-8.5.28.jar:/Users/hoanghiep/.m2/repository/org/apache/tomcat/embed/tomcat-embed-websocket/8.5.28/tomcat-embed-websocket-8.5.28.jar:/Users/hoanghiep/.m2/repository/org/hibernate/validator/hibernate-validator/6.0.7.Final/hibernate-validator-6.0.7.Final.jar:/Users/hoanghiep/.m2/repository/javax/validation/validation-api/2.0.1.Final/validation-api-2.0.1.Final.jar:/Users/hoanghiep/.m2/repository/org/springframework/spring-web/5.0.4.RELEASE/spring-web-5.0.4.RELEASE.jar:/Users/hoanghiep/.m2/repository/org/springframework/spring-webmvc/5.0.4.RELEASE/spring-webmvc-5.0.4.RELEASE.jar:/Users/hoanghiep/.m2/repository/com/fasterxml/jackson/module/jackson-module-kotlin/2.9.4/jackson-module-kotlin-2.9.4.jar:/Users/hoanghiep/.m2/repository/com/fasterxml/jackson/core/jackson-databind/2.9.4/jackson-databind-2.9.4.jar:/Users/hoanghiep/.m2/repository/com/fasterxml/jackson/core/jackson-core/2.9.4/jackson-core-2.9.4.jar:/Users/hoanghiep/.m2/repository/com/fasterxml/jackson/core/jackson-annotations/2.9.0/jackson-annotations-2.9.0.jar:/Users/hoanghiep/.m2/repository/org/jetbrains/kotlin/kotlin-stdlib-jdk8/1.2.20/kotlin-stdlib-jdk8-1.2.20.jar:/Users/hoanghiep/.m2/repository/org/jetbrains/kotlin/kotlin-stdlib/1.2.20/kotlin-stdlib-1.2.20.jar:/Users/hoanghiep/.m2/repository/org/jetbrains/annotations/13.0/annotations-13.0.jar:/Users/hoanghiep/.m2/repository/org/jetbrains/kotlin/kotlin-stdlib-jdk7/1.2.20/kotlin-stdlib-jdk7-1.2.20.jar:/Users/hoanghiep/.m2/repository/org/jetbrains/kotlin/kotlin-reflect/1.2.20/kotlin-reflect-1.2.20.jar:/Users/hoanghiep/.m2/repository/com/h2database/h2/1.4.196/h2-1.4.196.jar:/Users/hoanghiep/.m2/repository/mysql/mysql-connector-java/5.1.45/mysql-connector-java-5.1.45.jar:/Users/hoanghiep/.m2/repository/org/springframework/boot/spring-boot-starter-test/2.0.0.RELEASE/spring-boot-starter-test-2.0.0.RELEASE.jar:/Users/hoanghiep/.m2/repository/org/springframework/boot/spring-boot-test/2.0.0.RELEASE/spring-boot-test-2.0.0.RELEASE.jar:/Users/hoanghiep/.m2/repository/org/springframework/boot/spring-boot-test-autoconfigure/2.0.0.RELEASE/spring-boot-test-autoconfigure-2.0.0.RELEASE.jar:/Users/hoanghiep/.m2/repository/com/jayway/jsonpath/json-path/2.4.0/json-path-2.4.0.jar:/Users/hoanghiep/.m2/repository/net/minidev/json-smart/2.3/json-smart-2.3.jar:/Users/hoanghiep/.m2/repository/net/minidev/accessors-smart/1.2/accessors-smart-1.2.jar:/Users/hoanghiep/.m2/repository/org/ow2/asm/asm/5.0.4/asm-5.0.4.jar:/Users/hoanghiep/.m2/repository/junit/junit/4.12/junit-4.12.jar:/Users/hoanghiep/.m2/repository/org/assertj/assertj-core/3.9.1/assertj-core-3.9.1.jar:/Users/hoanghiep/.m2/repository/org/mockito/mockito-core/2.15.0/mockito-core-2.15.0.jar:/Users/hoanghiep/.m2/repository/net/bytebuddy/byte-buddy/1.7.10/byte-buddy-1.7.10.jar:/Users/hoanghiep/.m2/repository/net/bytebuddy/byte-buddy-agent/1.7.10/byte-buddy-agent-1.7.10.jar:/Users/hoanghiep/.m2/repository/org/objenesis/objenesis/2.6/objenesis-2.6.jar:/Users/hoanghiep/.m2/repository/org/hamcrest/hamcrest-core/1.3/hamcrest-core-1.3.jar:/Users/hoanghiep/.m2/repository/org/hamcrest/hamcrest-library/1.3/hamcrest-library-1.3.jar:/Users/hoanghiep/.m2/repository/org/skyscreamer/jsonassert/1.5.0/jsonassert-1.5.0.jar:/Users/hoanghiep/.m2/repository/com/vaadin/external/google/android-json/0.0.20131108.vaadin1/android-json-0.0.20131108.vaadin1.jar:/Users/hoanghiep/.m2/repository/org/springframework/spring-core/5.0.4.RELEASE/spring-core-5.0.4.RELEASE.jar:/Users/hoanghiep/.m2/repository/org/springframework/spring-jcl/5.0.4.RELEASE/spring-jcl-5.0.4.RELEASE.jar:/Users/hoanghiep/.m2/repository/org/springframework/spring-test/5.0.4.RELEASE/spring-test-5.0.4.RELEASE.jar:/Users/hoanghiep/.m2/repository/org/xmlunit/xmlunit-core/2.5.1/xmlunit-core-2.5.1.jar:/Users/hoanghiep/.m2/repository/org/springframework/restdocs/spring-restdocs-mockmvc/2.0.0.RELEASE/spring-restdocs-mockmvc-2.0.0.RELEASE.jar:/Users/hoanghiep/.m2/repository/javax/servlet/javax.servlet-api/3.1.0/javax.servlet-api-3.1.0.jar:/Users/hoanghiep/.m2/repository/org/springframework/restdocs/spring-restdocs-core/2.0.0.RELEASE/spring-restdocs-core-2.0.0.RELEASE.jar:, java.vm.vendor=Oracle Corporation, sun.arch.data.model=64, java.vendor.url=http://java.oracle.com/, user.timezone=Asia/Ho_Chi_Minh, os.name=Mac OS X, java.vm.specification.version=9, sun.java.launcher=SUN_STANDARD, user.country=VN, sun.boot.library.path=/Library/Java/JavaVirtualMachines/jdk-9.0.1.jdk/Contents/Home/lib, sun.java.command=/Volumes/Data/Work/Spring/yoga/target/surefire/surefirebooter16779367700359880703.jar /Volumes/Data/Work/Spring/yoga/target/surefire 2018-03-17T10-30-58_120-jvmRun1 surefire16804828664351004611tmp surefire_015561925765955363624tmp, http.nonProxyHosts=local|*.local|169.254/16|*.169.254/16|google.com|*.google.com|googleusercontent.com|*.googleusercontent.com|google.com.vn|*.google.com.vn, jdk.debug=release, surefire.test.class.path=/Volumes/Data/Work/Spring/yoga/target/test-classes:/Volumes/Data/Work/Spring/yoga/target/classes:/Users/hoanghiep/.m2/repository/org/springframework/boot/spring-boot-starter-data-jpa/2.0.0.RELEASE/spring-boot-starter-data-jpa-2.0.0.RELEASE.jar:/Users/hoanghiep/.m2/repository/org/springframework/boot/spring-boot-starter/2.0.0.RELEASE/spring-boot-starter-2.0.0.RELEASE.jar:/Users/hoanghiep/.m2/repository/org/springframework/boot/spring-boot/2.0.0.RELEASE/spring-boot-2.0.0.RELEASE.jar:/Users/hoanghiep/.m2/repository/org/springframework/boot/spring-boot-autoconfigure/2.0.0.RELEASE/spring-boot-autoconfigure-2.0.0.RELEASE.jar:/Users/hoanghiep/.m2/repository/org/springframework/boot/spring-boot-starter-logging/2.0.0.RELEASE/spring-boot-starter-logging-2.0.0.RELEASE.jar:/Users/hoanghiep/.m2/repository/ch/qos/logback/logback-classic/1.2.3/logback-classic-1.2.3.jar:/Users/hoanghiep/.m2/repository/ch/qos/logback/logback-core/1.2.3/logback-core-1.2.3.jar:/Users/hoanghiep/.m2/repository/org/apache/logging/log4j/log4j-to-slf4j/2.10.0/log4j-to-slf4j-2.10.0.jar:/Users/hoanghiep/.m2/repository/org/apache/logging/log4j/log4j-api/2.10.0/log4j-api-2.10.0.jar:/Users/hoanghiep/.m2/repository/org/slf4j/jul-to-slf4j/1.7.25/jul-to-slf4j-1.7.25.jar:/Users/hoanghiep/.m2/repository/javax/annotation/javax.annotation-api/1.3.2/javax.annotation-api-1.3.2.jar:/Users/hoanghiep/.m2/repository/org/yaml/snakeyaml/1.19/snakeyaml-1.19.jar:/Users/hoanghiep/.m2/repository/org/springframework/boot/spring-boot-starter-aop/2.0.0.RELEASE/spring-boot-starter-aop-2.0.0.RELEASE.jar:/Users/hoanghiep/.m2/repository/org/springframework/spring-aop/5.0.4.RELEASE/spring-aop-5.0.4.RELEASE.jar:/Users/hoanghiep/.m2/repository/org/aspectj/aspectjweaver/1.8.13/aspectjweaver-1.8.13.jar:/Users/hoanghiep/.m2/repository/org/springframework/boot/spring-boot-starter-jdbc/2.0.0.RELEASE/spring-boot-starter-jdbc-2.0.0.RELEASE.jar:/Users/hoanghiep/.m2/repository/com/zaxxer/HikariCP/2.7.8/HikariCP-2.7.8.jar:/Users/hoanghiep/.m2/repository/org/springframework/spring-jdbc/5.0.4.RELEASE/spring-jdbc-5.0.4.RELEASE.jar:/Users/hoanghiep/.m2/repository/org/hibernate/hibernate-core/5.2.14.Final/hibernate-core-5.2.14.Final.jar:/Users/hoanghiep/.m2/repository/org/jboss/logging/jboss-logging/3.3.2.Final/jboss-logging-3.3.2.Final.jar:/Users/hoanghiep/.m2/repository/org/hibernate/javax/persistence/hibernate-jpa-2.1-api/1.0.0.Final/hibernate-jpa-2.1-api-1.0.0.Final.jar:/Users/hoanghiep/.m2/repository/org/javassist/javassist/3.22.0-GA/javassist-3.22.0-GA.jar:/Users/hoanghiep/.m2/repository/antlr/antlr/2.7.7/antlr-2.7.7.jar:/Users/hoanghiep/.m2/repository/org/jboss/jandex/2.0.3.Final/jandex-2.0.3.Final.jar:/Users/hoanghiep/.m2/repository/com/fasterxml/classmate/1.3.4/classmate-1.3.4.jar:/Users/hoanghiep/.m2/repository/dom4j/dom4j/1.6.1/dom4j-1.6.1.jar:/Users/hoanghiep/.m2/repository/org/hibernate/common/hibernate-commons-annotations/5.0.1.Final/hibernate-commons-annotations-5.0.1.Final.jar:/Users/hoanghiep/.m2/repository/javax/transaction/javax.transaction-api/1.2/javax.transaction-api-1.2.jar:/Users/hoanghiep/.m2/repository/org/springframework/data/spring-data-jpa/2.0.5.RELEASE/spring-data-jpa-2.0.5.RELEASE.jar:/Users/hoanghiep/.m2/repository/org/springframework/data/spring-data-commons/2.0.5.RELEASE/spring-data-commons-2.0.5.RELEASE.jar:/Users/hoanghiep/.m2/repository/org/springframework/spring-orm/5.0.4.RELEASE/spring-orm-5.0.4.RELEASE.jar:/Users/hoanghiep/.m2/repository/org/springframework/spring-context/5.0.4.RELEASE/spring-context-5.0.4.RELEASE.jar:/Users/hoanghiep/.m2/repository/org/springframework/spring-tx/5.0.4.RELEASE/spring-tx-5.0.4.RELEASE.jar:/Users/hoanghiep/.m2/repository/org/springframework/spring-beans/5.0.4.RELEASE/spring-beans-5.0.4.RELEASE.jar:/Users/hoanghiep/.m2/repository/org/slf4j/slf4j-api/1.7.25/slf4j-api-1.7.25.jar:/Users/hoanghiep/.m2/repository/org/springframework/spring-aspects/5.0.4.RELEASE/spring-aspects-5.0.4.RELEASE.jar:/Users/hoanghiep/.m2/repository/org/springframework/boot/spring-boot-starter-data-mongodb/2.0.0.RELEASE/spring-boot-starter-data-mongodb-2.0.0.RELEASE.jar:/Users/hoanghiep/.m2/repository/org/mongodb/mongodb-driver/3.6.3/mongodb-driver-3.6.3.jar:/Users/hoanghiep/.m2/repository/org/mongodb/bson/3.6.3/bson-3.6.3.jar:/Users/hoanghiep/.m2/repository/org/mongodb/mongodb-driver-core/3.6.3/mongodb-driver-core-3.6.3.jar:/Users/hoanghiep/.m2/repository/org/springframework/data/spring-data-mongodb/2.0.5.RELEASE/spring-data-mongodb-2.0.5.RELEASE.jar:/Users/hoanghiep/.m2/repository/org/springframework/spring-expression/5.0.4.RELEASE/spring-expression-5.0.4.RELEASE.jar:/Users/hoanghiep/.m2/repository/org/springframework/boot/spring-boot-starter-thymeleaf/2.0.0.RELEASE/spring-boot-starter-thymeleaf-2.0.0.RELEASE.jar:/Users/hoanghiep/.m2/repository/org/thymeleaf/thymeleaf-spring5/3.0.9.RELEASE/thymeleaf-spring5-3.0.9.RELEASE.jar:/Users/hoanghiep/.m2/repository/org/thymeleaf/thymeleaf/3.0.9.RELEASE/thymeleaf-3.0.9.RELEASE.jar:/Users/hoanghiep/.m2/repository/org/attoparser/attoparser/2.0.4.RELEASE/attoparser-2.0.4.RELEASE.jar:/Users/hoanghiep/.m2/repository/org/unbescape/unbescape/1.1.5.RELEASE/unbescape-1.1.5.RELEASE.jar:/Users/hoanghiep/.m2/repository/org/thymeleaf/extras/thymeleaf-extras-java8time/3.0.1.RELEASE/thymeleaf-extras-java8time-3.0.1.RELEASE.jar:/Users/hoanghiep/.m2/repository/org/springframework/boot/spring-boot-starter-web/2.0.0.RELEASE/spring-boot-starter-web-2.0.0.RELEASE.jar:/Users/hoanghiep/.m2/repository/org/springframework/boot/spring-boot-starter-json/2.0.0.RELEASE/spring-boot-starter-json-2.0.0.RELEASE.jar:/Users/hoanghiep/.m2/repository/com/fasterxml/jackson/datatype/jackson-datatype-jdk8/2.9.4/jackson-datatype-jdk8-2.9.4.jar:/Users/hoanghiep/.m2/repository/com/fasterxml/jackson/datatype/jackson-datatype-jsr310/2.9.4/jackson-datatype-jsr310-2.9.4.jar:/Users/hoanghiep/.m2/repository/com/fasterxml/jackson/module/jackson-module-parameter-names/2.9.4/jackson-module-parameter-names-2.9.4.jar:/Users/hoanghiep/.m2/repository/org/springframework/boot/spring-boot-starter-tomcat/2.0.0.RELEASE/spring-boot-starter-tomcat-2.0.0.RELEASE.jar:/Users/hoanghiep/.m2/repository/org/apache/tomcat/embed/tomcat-embed-core/8.5.28/tomcat-embed-core-8.5.28.jar:/Users/hoanghiep/.m2/repository/org/apache/tomcat/embed/tomcat-embed-el/8.5.28/tomcat-embed-el-8.5.28.jar:/Users/hoanghiep/.m2/repository/org/apache/tomcat/embed/tomcat-embed-websocket/8.5.28/tomcat-embed-websocket-8.5.28.jar:/Users/hoanghiep/.m2/repository/org/hibernate/validator/hibernate-validator/6.0.7.Final/hibernate-validator-6.0.7.Final.jar:/Users/hoanghiep/.m2/repository/javax/validation/validation-api/2.0.1.Final/validation-api-2.0.1.Final.jar:/Users/hoanghiep/.m2/repository/org/springframework/spring-web/5.0.4.RELEASE/spring-web-5.0.4.RELEASE.jar:/Users/hoanghiep/.m2/repository/org/springframework/spring-webmvc/5.0.4.RELEASE/spring-webmvc-5.0.4.RELEASE.jar:/Users/hoanghiep/.m2/repository/com/fasterxml/jackson/module/jackson-module-kotlin/2.9.4/jackson-module-kotlin-2.9.4.jar:/Users/hoanghiep/.m2/repository/com/fasterxml/jackson/core/jackson-databind/2.9.4/jackson-databind-2.9.4.jar:/Users/hoanghiep/.m2/repository/com/fasterxml/jackson/core/jackson-core/2.9.4/jackson-core-2.9.4.jar:/Users/hoanghiep/.m2/repository/com/fasterxml/jackson/core/jackson-annotations/2.9.0/jackson-annotations-2.9.0.jar:/Users/hoanghiep/.m2/repository/org/jetbrains/kotlin/kotlin-stdlib-jdk8/1.2.20/kotlin-stdlib-jdk8-1.2.20.jar:/Users/hoanghiep/.m2/repository/org/jetbrains/kotlin/kotlin-stdlib/1.2.20/kotlin-stdlib-1.2.20.jar:/Users/hoanghiep/.m2/repository/org/jetbrains/annotations/13.0/annotations-13.0.jar:/Users/hoanghiep/.m2/repository/org/jetbrains/kotlin/kotlin-stdlib-jdk7/1.2.20/kotlin-stdlib-jdk7-1.2.20.jar:/Users/hoanghiep/.m2/repository/org/jetbrains/kotlin/kotlin-reflect/1.2.20/kotlin-reflect-1.2.20.jar:/Users/hoanghiep/.m2/repository/com/h2database/h2/1.4.196/h2-1.4.196.jar:/Users/hoanghiep/.m2/repository/mysql/mysql-connector-java/5.1.45/mysql-connector-java-5.1.45.jar:/Users/hoanghiep/.m2/repository/org/springframework/boot/spring-boot-starter-test/2.0.0.RELEASE/spring-boot-starter-test-2.0.0.RELEASE.jar:/Users/hoanghiep/.m2/repository/org/springframework/boot/spring-boot-test/2.0.0.RELEASE/spring-boot-test-2.0.0.RELEASE.jar:/Users/hoanghiep/.m2/repository/org/springframework/boot/spring-boot-test-autoconfigure/2.0.0.RELEASE/spring-boot-test-autoconfigure-2.0.0.RELEASE.jar:/Users/hoanghiep/.m2/repository/com/jayway/jsonpath/json-path/2.4.0/json-path-2.4.0.jar:/Users/hoanghiep/.m2/repository/net/minidev/json-smart/2.3/json-smart-2.3.jar:/Users/hoanghiep/.m2/repository/net/minidev/accessors-smart/1.2/accessors-smart-1.2.jar:/Users/hoanghiep/.m2/repository/org/ow2/asm/asm/5.0.4/asm-5.0.4.jar:/Users/hoanghiep/.m2/repository/junit/junit/4.12/junit-4.12.jar:/Users/hoanghiep/.m2/repository/org/assertj/assertj-core/3.9.1/assertj-core-3.9.1.jar:/Users/hoanghiep/.m2/repository/org/mockito/mockito-core/2.15.0/mockito-core-2.15.0.jar:/Users/hoanghiep/.m2/repository/net/bytebuddy/byte-buddy/1.7.10/byte-buddy-1.7.10.jar:/Users/hoanghiep/.m2/repository/net/bytebuddy/byte-buddy-agent/1.7.10/byte-buddy-agent-1.7.10.jar:/Users/hoanghiep/.m2/repository/org/objenesis/objenesis/2.6/objenesis-2.6.jar:/Users/hoanghiep/.m2/repository/org/hamcrest/hamcrest-core/1.3/hamcrest-core-1.3.jar:/Users/hoanghiep/.m2/repository/org/hamcrest/hamcrest-library/1.3/hamcrest-library-1.3.jar:/Users/hoanghiep/.m2/repository/org/skyscreamer/jsonassert/1.5.0/jsonassert-1.5.0.jar:/Users/hoanghiep/.m2/repository/com/vaadin/external/google/android-json/0.0.20131108.vaadin1/android-json-0.0.20131108.vaadin1.jar:/Users/hoanghiep/.m2/repository/org/springframework/spring-core/5.0.4.RELEASE/spring-core-5.0.4.RELEASE.jar:/Users/hoanghiep/.m2/repository/org/springframework/spring-jcl/5.0.4.RELEASE/spring-jcl-5.0.4.RELEASE.jar:/Users/hoanghiep/.m2/repository/org/springframework/spring-test/5.0.4.RELEASE/spring-test-5.0.4.RELEASE.jar:/Users/hoanghiep/.m2/repository/org/xmlunit/xmlunit-core/2.5.1/xmlunit-core-2.5.1.jar:/Users/hoanghiep/.m2/repository/org/springframework/restdocs/spring-restdocs-mockmvc/2.0.0.RELEASE/spring-restdocs-mockmvc-2.0.0.RELEASE.jar:/Users/hoanghiep/.m2/repository/javax/servlet/javax.servlet-api/3.1.0/javax.servlet-api-3.1.0.jar:/Users/hoanghiep/.m2/repository/org/springframework/restdocs/spring-restdocs-core/2.0.0.RELEASE/spring-restdocs-core-2.0.0.RELEASE.jar:, sun.cpu.endian=little, user.home=/Users/hoanghiep, user.language=en, java.specification.vendor=Oracle Corporation, java.home=/Library/Java/JavaVirtualMachines/jdk-9.0.1.jdk/Contents/Home, file.separator=/, basedir=/Volumes/Data/Work/Spring/yoga, java.vm.compressedOopsMode=Zero based, line.separator=
, java.specification.name=Java Platform API Specification, java.vm.specification.vendor=Oracle Corporation, java.awt.graphicsenv=sun.awt.CGraphicsEnvironment, surefire.real.class.path=/Volumes/Data/Work/Spring/yoga/target/surefire/surefirebooter16779367700359880703.jar, sun.management.compiler=HotSpot 64-Bit Tiered Compilers, ftp.nonProxyHosts=local|*.local|169.254/16|*.169.254/16|google.com|*.google.com|googleusercontent.com|*.googleusercontent.com|google.com.vn|*.google.com.vn, java.runtime.version=9.0.1+11, user.name=hoanghiep, path.separator=:, os.version=10.13.3, java.runtime.name=Java(TM) SE Runtime Environment, file.encoding=UTF-8, java.vm.name=Java HotSpot(TM) 64-Bit Server VM, localRepository=/Users/hoanghiep/.m2/repository, java.vendor.url.bug=http://bugreport.java.com/bugreport/, java.io.tmpdir=/var/folders/pb/7nd28khs7zs9mjlscvpxxrm00000gn/T/, idea.version=2017.3.5, java.version=9.0.1, user.dir=/Volumes/Data/Work/Spring/yoga, os.arch=x86_64, java.vm.specification.name=Java Virtual Machine Specification, java.awt.printerjob=sun.lwawt.macosx.CPrinterJob, sun.os.patch.level=unknown, java.library.path=/Users/hoanghiep/Library/Java/Extensions:/Library/Java/Extensions:/Network/Library/Java/Extensions:/System/Library/Java/Extensions:/usr/lib/java:., java.vm.info=mixed mode, java.vendor=Oracle Corporation, java.vm.version=9.0.1+11, sun.io.unicode.encoding=UnicodeBig, java.class.version=53.0, socksNonProxyHosts=local|*.local|169.254/16|*.169.254/16|google.com|*.google.com|googleusercontent.com|*.googleusercontent.com|google.com.vn|*.google.com.vn}}, SystemEnvironmentPropertySource@711112124 {name='systemEnvironment', properties={PATH=/usr/local/bin:/usr/bin:/bin:/usr/sbin:/sbin, SHELL=/bin/zsh, JAVA_MAIN_CLASS_1152=org.codehaus.classworlds.Launcher, JAVA_MAIN_CLASS_1154=org.apache.maven.surefire.booter.ForkedBooter, PAGER=less, LSCOLORS=Gxfxcxdxbxegedabagacad, OLDPWD=/Volumes/Data/Work/Spring/yoga, VERSIONER_PYTHON_PREFER_32_BIT=no, USER=hoanghiep, ZSH=/Users/hoanghiep/.oh-my-zsh, TMPDIR=/var/folders/pb/7nd28khs7zs9mjlscvpxxrm00000gn/T/, SSH_AUTH_SOCK=/private/tmp/com.apple.launchd.SN7Pn4t0tJ/Listeners, XPC_FLAGS=0x0, VERSIONER_PYTHON_VERSION=2.7, __CF_USER_TEXT_ENCODING=0x1F5:0x0:0x0, Apple_PubSub_Socket_Render=/private/tmp/com.apple.launchd.Q6zGsmwPzY/Render, LOGNAME=hoanghiep, LESS=-R, LC_CTYPE=en_US.UTF-8, XPC_SERVICE_NAME=0, PWD=/Volumes/Data/Work/Spring/yoga, HOME=/Users/hoanghiep, SHLVL=1, _=/Library/Java/JavaVirtualMachines/jdk-9.0.1.jdk/Contents/Home/bin/java}}]
10:30:59.290 [main] DEBUG org.springframework.test.context.support.TestPropertySourceUtils - Adding inlined properties to environment: {spring.jmx.enabled=false, org.springframework.boot.test.context.SpringBootTestContextBootstrapper=true, server.port=-1}
10:30:59.290 [main] DEBUG org.springframework.core.env.StandardEnvironment - Adding PropertySource 'Inlined Test Properties' with highest search precedence

  .   ____          _            __ _ _
 /\\ / ___'_ __ _ _(_)_ __  __ _ \ \ \ \
( ( )\___ | '_ | '_| | '_ \/ _` | \ \ \ \
 \\/  ___)| |_)| | | | | || (_| |  ) ) ) )
  '  |____| .__|_| |_|_| |_\__, | / / / /
 =========|_|==============|___/=/_/_/_/
 :: Spring Boot ::        (v2.0.0.RELEASE)

2018-03-17 10:30:59.772  INFO 1154 --- [           main] com.yoga.api.YogaApplicationTests        : Starting YogaApplicationTests on Hoangs-MacBook-Pro.local with PID 1154 (started by hoanghiep in /Volumes/Data/Work/Spring/yoga)
2018-03-17 10:30:59.774  INFO 1154 --- [           main] com.yoga.api.YogaApplicationTests        : No active profile set, falling back to default profiles: default
2018-03-17 10:30:59.810  INFO 1154 --- [           main] o.s.w.c.s.GenericWebApplicationContext   : Refreshing org.springframework.web.context.support.GenericWebApplicationContext@5c87bfe2: startup date [Sat Mar 17 10:30:59 ICT 2018]; root of context hierarchy
2018-03-17 10:31:00.639  INFO 1154 --- [           main] .s.d.r.c.RepositoryConfigurationDelegate : Multiple Spring Data modules found, entering strict repository configuration mode!
2018-03-17 10:31:00.714  INFO 1154 --- [           main] .s.d.r.c.RepositoryConfigurationDelegate : Multiple Spring Data modules found, entering strict repository configuration mode!
2018-03-17 10:31:00.730  INFO 1154 --- [           main] .RepositoryConfigurationExtensionSupport : Spring Data MongoDB - Could not safely identify store assignment for repository candidate interface com.yoga.api.repository.LevelRepository.
2018-03-17 10:31:01.288  INFO 1154 --- [           main] trationDelegate$BeanPostProcessorChecker : Bean 'org.springframework.transaction.annotation.ProxyTransactionManagementConfiguration' of type [org.springframework.transaction.annotation.ProxyTransactionManagementConfiguration$$EnhancerBySpringCGLIB$$3cb307c3] is not eligible for getting processed by all BeanPostProcessors (for example: not eligible for auto-proxying)
2018-03-17 10:31:01.524  INFO 1154 --- [           main] com.zaxxer.hikari.HikariDataSource       : HikariPool-1 - Starting...
2018-03-17 10:31:01.806  INFO 1154 --- [           main] com.zaxxer.hikari.HikariDataSource       : HikariPool-1 - Start completed.
2018-03-17 10:31:01.856  INFO 1154 --- [           main] j.LocalContainerEntityManagerFactoryBean : Building JPA container EntityManagerFactory for persistence unit 'default'
2018-03-17 10:31:01.867  WARN 1154 --- [           main] o.s.w.c.s.GenericWebApplicationContext   : Exception encountered during context initialization - cancelling refresh attempt: org.springframework.beans.factory.BeanCreationException: Error creating bean with name 'entityManagerFactory' defined in class path resource [org/springframework/boot/autoconfigure/orm/jpa/HibernateJpaConfiguration.class]: Invocation of init method failed; nested exception is java.lang.NoClassDefFoundError: javax/transaction/SystemException
2018-03-17 10:31:01.867  INFO 1154 --- [           main] com.zaxxer.hikari.HikariDataSource       : HikariPool-1 - Shutdown initiated...
2018-03-17 10:31:01.870  INFO 1154 --- [           main] com.zaxxer.hikari.HikariDataSource       : HikariPool-1 - Shutdown completed.
2018-03-17 10:31:01.877  INFO 1154 --- [           main] ConditionEvaluationReportLoggingListener : 

Error starting ApplicationContext. To display the conditions report re-run your application with 'debug' enabled.
2018-03-17 10:31:01.884 ERROR 1154 --- [           main] o.s.boot.SpringApplication               : Application run failed

org.springframework.beans.factory.BeanCreationException: Error creating bean with name 'entityManagerFactory' defined in class path resource [org/springframework/boot/autoconfigure/orm/jpa/HibernateJpaConfiguration.class]: Invocation of init method failed; nested exception is java.lang.NoClassDefFoundError: javax/transaction/SystemException
	at org.springframework.beans.factory.support.AbstractAutowireCapableBeanFactory.initializeBean(AbstractAutowireCapableBeanFactory.java:1710) ~[spring-beans-5.0.4.RELEASE.jar:5.0.4.RELEASE]
	at org.springframework.beans.factory.support.AbstractAutowireCapableBeanFactory.doCreateBean(AbstractAutowireCapableBeanFactory.java:583) ~[spring-beans-5.0.4.RELEASE.jar:5.0.4.RELEASE]
	at org.springframework.beans.factory.support.AbstractAutowireCapableBeanFactory.createBean(AbstractAutowireCapableBeanFactory.java:502) ~[spring-beans-5.0.4.RELEASE.jar:5.0.4.RELEASE]
	at org.springframework.beans.factory.support.AbstractBeanFactory.lambda$doGetBean$0(AbstractBeanFactory.java:312) ~[spring-beans-5.0.4.RELEASE.jar:5.0.4.RELEASE]
	at org.springframework.beans.factory.support.DefaultSingletonBeanRegistry.getSingleton(DefaultSingletonBeanRegistry.java:228) ~[spring-beans-5.0.4.RELEASE.jar:5.0.4.RELEASE]
	at org.springframework.beans.factory.support.AbstractBeanFactory.doGetBean(AbstractBeanFactory.java:310) ~[spring-beans-5.0.4.RELEASE.jar:5.0.4.RELEASE]
	at org.springframework.beans.factory.support.AbstractBeanFactory.getBean(AbstractBeanFactory.java:200) ~[spring-beans-5.0.4.RELEASE.jar:5.0.4.RELEASE]
	at org.springframework.context.support.AbstractApplicationContext.getBean(AbstractApplicationContext.java:1085) ~[spring-context-5.0.4.RELEASE.jar:5.0.4.RELEASE]
	at org.springframework.context.support.AbstractApplicationContext.finishBeanFactoryInitialization(AbstractApplicationContext.java:858) ~[spring-context-5.0.4.RELEASE.jar:5.0.4.RELEASE]
	at org.springframework.context.support.AbstractApplicationContext.refresh(AbstractApplicationContext.java:549) ~[spring-context-5.0.4.RELEASE.jar:5.0.4.RELEASE]
	at org.springframework.boot.SpringApplication.refresh(SpringApplication.java:752) ~[spring-boot-2.0.0.RELEASE.jar:2.0.0.RELEASE]
	at org.springframework.boot.SpringApplication.refreshContext(SpringApplication.java:388) ~[spring-boot-2.0.0.RELEASE.jar:2.0.0.RELEASE]
	at org.springframework.boot.SpringApplication.run(SpringApplication.java:327) ~[spring-boot-2.0.0.RELEASE.jar:2.0.0.RELEASE]
	at org.springframework.boot.test.context.SpringBootContextLoader.loadContext(SpringBootContextLoader.java:138) [spring-boot-test-2.0.0.RELEASE.jar:2.0.0.RELEASE]
	at org.springframework.test.context.cache.DefaultCacheAwareContextLoaderDelegate.loadContextInternal(DefaultCacheAwareContextLoaderDelegate.java:99) [spring-test-5.0.4.RELEASE.jar:5.0.4.RELEASE]
	at org.springframework.test.context.cache.DefaultCacheAwareContextLoaderDelegate.loadContext(DefaultCacheAwareContextLoaderDelegate.java:117) [spring-test-5.0.4.RELEASE.jar:5.0.4.RELEASE]
	at org.springframework.test.context.support.DefaultTestContext.getApplicationContext(DefaultTestContext.java:107) [spring-test-5.0.4.RELEASE.jar:5.0.4.RELEASE]
	at org.springframework.test.context.web.ServletTestExecutionListener.setUpRequestContextIfNecessary(ServletTestExecutionListener.java:190) [spring-test-5.0.4.RELEASE.jar:5.0.4.RELEASE]
	at org.springframework.test.context.web.ServletTestExecutionListener.prepareTestInstance(ServletTestExecutionListener.java:132) [spring-test-5.0.4.RELEASE.jar:5.0.4.RELEASE]
	at org.springframework.test.context.TestContextManager.prepareTestInstance(TestContextManager.java:242) [spring-test-5.0.4.RELEASE.jar:5.0.4.RELEASE]
	at org.springframework.test.context.junit4.SpringJUnit4ClassRunner.createTest(SpringJUnit4ClassRunner.java:227) [spring-test-5.0.4.RELEASE.jar:5.0.4.RELEASE]
	at org.springframework.test.context.junit4.SpringJUnit4ClassRunner$1.runReflectiveCall(SpringJUnit4ClassRunner.java:289) [spring-test-5.0.4.RELEASE.jar:5.0.4.RELEASE]
	at org.junit.internal.runners.model.ReflectiveCallable.run(ReflectiveCallable.java:12) [junit-4.12.jar:4.12]
	at org.springframework.test.context.junit4.SpringJUnit4ClassRunner.methodBlock(SpringJUnit4ClassRunner.java:291) [spring-test-5.0.4.RELEASE.jar:5.0.4.RELEASE]
	at org.springframework.test.context.junit4.SpringJUnit4ClassRunner.runChild(SpringJUnit4ClassRunner.java:246) [spring-test-5.0.4.RELEASE.jar:5.0.4.RELEASE]
	at org.springframework.test.context.junit4.SpringJUnit4ClassRunner.runChild(SpringJUnit4ClassRunner.java:97) [spring-test-5.0.4.RELEASE.jar:5.0.4.RELEASE]
	at org.junit.runners.ParentRunner$3.run(ParentRunner.java:290) [junit-4.12.jar:4.12]
	at org.junit.runners.ParentRunner$1.schedule(ParentRunner.java:71) [junit-4.12.jar:4.12]
	at org.junit.runners.ParentRunner.runChildren(ParentRunner.java:288) [junit-4.12.jar:4.12]
	at org.junit.runners.ParentRunner.access$000(ParentRunner.java:58) [junit-4.12.jar:4.12]
	at org.junit.runners.ParentRunner$2.evaluate(ParentRunner.java:268) [junit-4.12.jar:4.12]
	at org.springframework.test.context.junit4.statements.RunBeforeTestClassCallbacks.evaluate(RunBeforeTestClassCallbacks.java:61) [spring-test-5.0.4.RELEASE.jar:5.0.4.RELEASE]
	at org.springframework.test.context.junit4.statements.RunAfterTestClassCallbacks.evaluate(RunAfterTestClassCallbacks.java:70) [spring-test-5.0.4.RELEASE.jar:5.0.4.RELEASE]
	at org.junit.runners.ParentRunner.run(ParentRunner.java:363) [junit-4.12.jar:4.12]
	at org.springframework.test.context.junit4.SpringJUnit4ClassRunner.run(SpringJUnit4ClassRunner.java:190) [spring-test-5.0.4.RELEASE.jar:5.0.4.RELEASE]
	at org.apache.maven.surefire.junit4.JUnit4Provider.execute(JUnit4Provider.java:369) [surefire-junit4-2.20.1.jar:2.20.1]
	at org.apache.maven.surefire.junit4.JUnit4Provider.executeWithRerun(JUnit4Provider.java:275) [surefire-junit4-2.20.1.jar:2.20.1]
	at org.apache.maven.surefire.junit4.JUnit4Provider.executeTestSet(JUnit4Provider.java:239) [surefire-junit4-2.20.1.jar:2.20.1]
	at org.apache.maven.surefire.junit4.JUnit4Provider.invoke(JUnit4Provider.java:160) [surefire-junit4-2.20.1.jar:2.20.1]
	at org.apache.maven.surefire.booter.ForkedBooter.invokeProviderInSameClassLoader(ForkedBooter.java:373) [surefire-booter-2.20.1.jar:2.20.1]
	at org.apache.maven.surefire.booter.ForkedBooter.runSuitesInProcess(ForkedBooter.java:334) [surefire-booter-2.20.1.jar:2.20.1]
	at org.apache.maven.surefire.booter.ForkedBooter.execute(ForkedBooter.java:119) [surefire-booter-2.20.1.jar:2.20.1]
	at org.apache.maven.surefire.booter.ForkedBooter.main(ForkedBooter.java:407) [surefire-booter-2.20.1.jar:2.20.1]
Caused by: java.lang.NoClassDefFoundError: javax/transaction/SystemException
	at java.base/java.lang.Class.forName0(Native Method) ~[na:na]
	at java.base/java.lang.Class.forName(Class.java:375) ~[na:na]
	at org.jboss.logging.Logger$1.run(Logger.java:2554) ~[jboss-logging-3.3.2.Final.jar:3.3.2.Final]
	at java.base/java.security.AccessController.doPrivileged(Native Method) ~[na:na]
	at org.jboss.logging.Logger.getMessageLogger(Logger.java:2529) ~[jboss-logging-3.3.2.Final.jar:3.3.2.Final]
	at org.jboss.logging.Logger.getMessageLogger(Logger.java:2516) ~[jboss-logging-3.3.2.Final.jar:3.3.2.Final]
	at org.hibernate.internal.HEMLogging.messageLogger(HEMLogging.java:28) ~[hibernate-core-5.2.14.Final.jar:5.2.14.Final]
	at org.hibernate.internal.HEMLogging.messageLogger(HEMLogging.java:24) ~[hibernate-core-5.2.14.Final.jar:5.2.14.Final]
	at org.hibernate.jpa.boot.internal.EntityManagerFactoryBuilderImpl.<clinit>(EntityManagerFactoryBuilderImpl.java:116) ~[hibernate-core-5.2.14.Final.jar:5.2.14.Final]
	at org.springframework.orm.jpa.vendor.SpringHibernateJpaPersistenceProvider.createContainerEntityManagerFactory(SpringHibernateJpaPersistenceProvider.java:51) ~[spring-orm-5.0.4.RELEASE.jar:5.0.4.RELEASE]
	at org.springframework.orm.jpa.LocalContainerEntityManagerFactoryBean.createNativeEntityManagerFactory(LocalContainerEntityManagerFactoryBean.java:365) ~[spring-orm-5.0.4.RELEASE.jar:5.0.4.RELEASE]
	at org.springframework.orm.jpa.AbstractEntityManagerFactoryBean.buildNativeEntityManagerFactory(AbstractEntityManagerFactoryBean.java:388) ~[spring-orm-5.0.4.RELEASE.jar:5.0.4.RELEASE]
	at org.springframework.orm.jpa.AbstractEntityManagerFactoryBean.afterPropertiesSet(AbstractEntityManagerFactoryBean.java:377) ~[spring-orm-5.0.4.RELEASE.jar:5.0.4.RELEASE]
	at org.springframework.orm.jpa.LocalContainerEntityManagerFactoryBean.afterPropertiesSet(LocalContainerEntityManagerFactoryBean.java:341) ~[spring-orm-5.0.4.RELEASE.jar:5.0.4.RELEASE]
	at org.springframework.beans.factory.support.AbstractAutowireCapableBeanFactory.invokeInitMethods(AbstractAutowireCapableBeanFactory.java:1769) ~[spring-beans-5.0.4.RELEASE.jar:5.0.4.RELEASE]
	at org.springframework.beans.factory.support.AbstractAutowireCapableBeanFactory.initializeBean(AbstractAutowireCapableBeanFactory.java:1706) ~[spring-beans-5.0.4.RELEASE.jar:5.0.4.RELEASE]
	... 42 common frames omitted
Caused by: java.lang.ClassNotFoundException: javax.transaction.SystemException
	at java.base/jdk.internal.loader.BuiltinClassLoader.loadClass(BuiltinClassLoader.java:582) ~[na:na]
	at java.base/jdk.internal.loader.ClassLoaders$AppClassLoader.loadClass(ClassLoaders.java:185) ~[na:na]
	at java.base/java.lang.ClassLoader.loadClass(ClassLoader.java:496) ~[na:na]
	... 58 common frames omitted

2018-03-17 10:31:01.886 ERROR 1154 --- [           main] o.s.test.context.TestContextManager      : Caught exception while allowing TestExecutionListener [org.springframework.test.context.web.ServletTestExecutionListener@66c61024] to prepare test instance [com.yoga.api.YogaApplicationTests@659feb22]

java.lang.IllegalStateException: Failed to load ApplicationContext
	at org.springframework.test.context.cache.DefaultCacheAwareContextLoaderDelegate.loadContext(DefaultCacheAwareContextLoaderDelegate.java:125) ~[spring-test-5.0.4.RELEASE.jar:5.0.4.RELEASE]
	at org.springframework.test.context.support.DefaultTestContext.getApplicationContext(DefaultTestContext.java:107) ~[spring-test-5.0.4.RELEASE.jar:5.0.4.RELEASE]
	at org.springframework.test.context.web.ServletTestExecutionListener.setUpRequestContextIfNecessary(ServletTestExecutionListener.java:190) ~[spring-test-5.0.4.RELEASE.jar:5.0.4.RELEASE]
	at org.springframework.test.context.web.ServletTestExecutionListener.prepareTestInstance(ServletTestExecutionListener.java:132) ~[spring-test-5.0.4.RELEASE.jar:5.0.4.RELEASE]
	at org.springframework.test.context.TestContextManager.prepareTestInstance(TestContextManager.java:242) ~[spring-test-5.0.4.RELEASE.jar:5.0.4.RELEASE]
	at org.springframework.test.context.junit4.SpringJUnit4ClassRunner.createTest(SpringJUnit4ClassRunner.java:227) [spring-test-5.0.4.RELEASE.jar:5.0.4.RELEASE]
	at org.springframework.test.context.junit4.SpringJUnit4ClassRunner$1.runReflectiveCall(SpringJUnit4ClassRunner.java:289) [spring-test-5.0.4.RELEASE.jar:5.0.4.RELEASE]
	at org.junit.internal.runners.model.ReflectiveCallable.run(ReflectiveCallable.java:12) [junit-4.12.jar:4.12]
	at org.springframework.test.context.junit4.SpringJUnit4ClassRunner.methodBlock(SpringJUnit4ClassRunner.java:291) [spring-test-5.0.4.RELEASE.jar:5.0.4.RELEASE]
	at org.springframework.test.context.junit4.SpringJUnit4ClassRunner.runChild(SpringJUnit4ClassRunner.java:246) [spring-test-5.0.4.RELEASE.jar:5.0.4.RELEASE]
	at org.springframework.test.context.junit4.SpringJUnit4ClassRunner.runChild(SpringJUnit4ClassRunner.java:97) [spring-test-5.0.4.RELEASE.jar:5.0.4.RELEASE]
	at org.junit.runners.ParentRunner$3.run(ParentRunner.java:290) [junit-4.12.jar:4.12]
	at org.junit.runners.ParentRunner$1.schedule(ParentRunner.java:71) [junit-4.12.jar:4.12]
	at org.junit.runners.ParentRunner.runChildren(ParentRunner.java:288) [junit-4.12.jar:4.12]
	at org.junit.runners.ParentRunner.access$000(ParentRunner.java:58) [junit-4.12.jar:4.12]
	at org.junit.runners.ParentRunner$2.evaluate(ParentRunner.java:268) [junit-4.12.jar:4.12]
	at org.springframework.test.context.junit4.statements.RunBeforeTestClassCallbacks.evaluate(RunBeforeTestClassCallbacks.java:61) [spring-test-5.0.4.RELEASE.jar:5.0.4.RELEASE]
	at org.springframework.test.context.junit4.statements.RunAfterTestClassCallbacks.evaluate(RunAfterTestClassCallbacks.java:70) [spring-test-5.0.4.RELEASE.jar:5.0.4.RELEASE]
	at org.junit.runners.ParentRunner.run(ParentRunner.java:363) [junit-4.12.jar:4.12]
	at org.springframework.test.context.junit4.SpringJUnit4ClassRunner.run(SpringJUnit4ClassRunner.java:190) [spring-test-5.0.4.RELEASE.jar:5.0.4.RELEASE]
	at org.apache.maven.surefire.junit4.JUnit4Provider.execute(JUnit4Provider.java:369) [surefire-junit4-2.20.1.jar:2.20.1]
	at org.apache.maven.surefire.junit4.JUnit4Provider.executeWithRerun(JUnit4Provider.java:275) [surefire-junit4-2.20.1.jar:2.20.1]
	at org.apache.maven.surefire.junit4.JUnit4Provider.executeTestSet(JUnit4Provider.java:239) [surefire-junit4-2.20.1.jar:2.20.1]
	at org.apache.maven.surefire.junit4.JUnit4Provider.invoke(JUnit4Provider.java:160) [surefire-junit4-2.20.1.jar:2.20.1]
	at org.apache.maven.surefire.booter.ForkedBooter.invokeProviderInSameClassLoader(ForkedBooter.java:373) [surefire-booter-2.20.1.jar:2.20.1]
	at org.apache.maven.surefire.booter.ForkedBooter.runSuitesInProcess(ForkedBooter.java:334) [surefire-booter-2.20.1.jar:2.20.1]
	at org.apache.maven.surefire.booter.ForkedBooter.execute(ForkedBooter.java:119) [surefire-booter-2.20.1.jar:2.20.1]
	at org.apache.maven.surefire.booter.ForkedBooter.main(ForkedBooter.java:407) [surefire-booter-2.20.1.jar:2.20.1]
Caused by: org.springframework.beans.factory.BeanCreationException: Error creating bean with name 'entityManagerFactory' defined in class path resource [org/springframework/boot/autoconfigure/orm/jpa/HibernateJpaConfiguration.class]: Invocation of init method failed; nested exception is java.lang.NoClassDefFoundError: javax/transaction/SystemException
	at org.springframework.beans.factory.support.AbstractAutowireCapableBeanFactory.initializeBean(AbstractAutowireCapableBeanFactory.java:1710) ~[spring-beans-5.0.4.RELEASE.jar:5.0.4.RELEASE]
	at org.springframework.beans.factory.support.AbstractAutowireCapableBeanFactory.doCreateBean(AbstractAutowireCapableBeanFactory.java:583) ~[spring-beans-5.0.4.RELEASE.jar:5.0.4.RELEASE]
	at org.springframework.beans.factory.support.AbstractAutowireCapableBeanFactory.createBean(AbstractAutowireCapableBeanFactory.java:502) ~[spring-beans-5.0.4.RELEASE.jar:5.0.4.RELEASE]
	at org.springframework.beans.factory.support.AbstractBeanFactory.lambda$doGetBean$0(AbstractBeanFactory.java:312) ~[spring-beans-5.0.4.RELEASE.jar:5.0.4.RELEASE]
	at org.springframework.beans.factory.support.DefaultSingletonBeanRegistry.getSingleton(DefaultSingletonBeanRegistry.java:228) ~[spring-beans-5.0.4.RELEASE.jar:5.0.4.RELEASE]
	at org.springframework.beans.factory.support.AbstractBeanFactory.doGetBean(AbstractBeanFactory.java:310) ~[spring-beans-5.0.4.RELEASE.jar:5.0.4.RELEASE]
	at org.springframework.beans.factory.support.AbstractBeanFactory.getBean(AbstractBeanFactory.java:200) ~[spring-beans-5.0.4.RELEASE.jar:5.0.4.RELEASE]
	at org.springframework.context.support.AbstractApplicationContext.getBean(AbstractApplicationContext.java:1085) ~[spring-context-5.0.4.RELEASE.jar:5.0.4.RELEASE]
	at org.springframework.context.support.AbstractApplicationContext.finishBeanFactoryInitialization(AbstractApplicationContext.java:858) ~[spring-context-5.0.4.RELEASE.jar:5.0.4.RELEASE]
	at org.springframework.context.support.AbstractApplicationContext.refresh(AbstractApplicationContext.java:549) ~[spring-context-5.0.4.RELEASE.jar:5.0.4.RELEASE]
	at org.springframework.boot.SpringApplication.refresh(SpringApplication.java:752) ~[spring-boot-2.0.0.RELEASE.jar:2.0.0.RELEASE]
	at org.springframework.boot.SpringApplication.refreshContext(SpringApplication.java:388) ~[spring-boot-2.0.0.RELEASE.jar:2.0.0.RELEASE]
	at org.springframework.boot.SpringApplication.run(SpringApplication.java:327) ~[spring-boot-2.0.0.RELEASE.jar:2.0.0.RELEASE]
	at org.springframework.boot.test.context.SpringBootContextLoader.loadContext(SpringBootContextLoader.java:138) ~[spring-boot-test-2.0.0.RELEASE.jar:2.0.0.RELEASE]
	at org.springframework.test.context.cache.DefaultCacheAwareContextLoaderDelegate.loadContextInternal(DefaultCacheAwareContextLoaderDelegate.java:99) ~[spring-test-5.0.4.RELEASE.jar:5.0.4.RELEASE]
	at org.springframework.test.context.cache.DefaultCacheAwareContextLoaderDelegate.loadContext(DefaultCacheAwareContextLoaderDelegate.java:117) ~[spring-test-5.0.4.RELEASE.jar:5.0.4.RELEASE]
	... 27 common frames omitted
Caused by: java.lang.NoClassDefFoundError: javax/transaction/SystemException
	at java.base/java.lang.Class.forName0(Native Method) ~[na:na]
	at java.base/java.lang.Class.forName(Class.java:375) ~[na:na]
	at org.jboss.logging.Logger$1.run(Logger.java:2554) ~[jboss-logging-3.3.2.Final.jar:3.3.2.Final]
	at java.base/java.security.AccessController.doPrivileged(Native Method) ~[na:na]
	at org.jboss.logging.Logger.getMessageLogger(Logger.java:2529) ~[jboss-logging-3.3.2.Final.jar:3.3.2.Final]
	at org.jboss.logging.Logger.getMessageLogger(Logger.java:2516) ~[jboss-logging-3.3.2.Final.jar:3.3.2.Final]
	at org.hibernate.internal.HEMLogging.messageLogger(HEMLogging.java:28) ~[hibernate-core-5.2.14.Final.jar:5.2.14.Final]
	at org.hibernate.internal.HEMLogging.messageLogger(HEMLogging.java:24) ~[hibernate-core-5.2.14.Final.jar:5.2.14.Final]
	at org.hibernate.jpa.boot.internal.EntityManagerFactoryBuilderImpl.<clinit>(EntityManagerFactoryBuilderImpl.java:116) ~[hibernate-core-5.2.14.Final.jar:5.2.14.Final]
	at org.springframework.orm.jpa.vendor.SpringHibernateJpaPersistenceProvider.createContainerEntityManagerFactory(SpringHibernateJpaPersistenceProvider.java:51) ~[spring-orm-5.0.4.RELEASE.jar:5.0.4.RELEASE]
	at org.springframework.orm.jpa.LocalContainerEntityManagerFactoryBean.createNativeEntityManagerFactory(LocalContainerEntityManagerFactoryBean.java:365) ~[spring-orm-5.0.4.RELEASE.jar:5.0.4.RELEASE]
	at org.springframework.orm.jpa.AbstractEntityManagerFactoryBean.buildNativeEntityManagerFactory(AbstractEntityManagerFactoryBean.java:388) ~[spring-orm-5.0.4.RELEASE.jar:5.0.4.RELEASE]
	at org.springframework.orm.jpa.AbstractEntityManagerFactoryBean.afterPropertiesSet(AbstractEntityManagerFactoryBean.java:377) ~[spring-orm-5.0.4.RELEASE.jar:5.0.4.RELEASE]
	at org.springframework.orm.jpa.LocalContainerEntityManagerFactoryBean.afterPropertiesSet(LocalContainerEntityManagerFactoryBean.java:341) ~[spring-orm-5.0.4.RELEASE.jar:5.0.4.RELEASE]
	at org.springframework.beans.factory.support.AbstractAutowireCapableBeanFactory.invokeInitMethods(AbstractAutowireCapableBeanFactory.java:1769) ~[spring-beans-5.0.4.RELEASE.jar:5.0.4.RELEASE]
	at org.springframework.beans.factory.support.AbstractAutowireCapableBeanFactory.initializeBean(AbstractAutowireCapableBeanFactory.java:1706) ~[spring-beans-5.0.4.RELEASE.jar:5.0.4.RELEASE]
	... 42 common frames omitted
Caused by: java.lang.ClassNotFoundException: javax.transaction.SystemException
	at java.base/jdk.internal.loader.BuiltinClassLoader.loadClass(BuiltinClassLoader.java:582) ~[na:na]
	at java.base/jdk.internal.loader.ClassLoaders$AppClassLoader.loadClass(ClassLoaders.java:185) ~[na:na]
	at java.base/java.lang.ClassLoader.loadClass(ClassLoader.java:496) ~[na:na]
	... 58 common frames omitted

]]></system-out>
  </testcase>
</testsuite>